ERROR - 2023-08-24 08:37:31 --> mysqli_sql_exception: Duplicate entry 'karenaragon699@gmail.com' for key 'email' in /homepages/34/d971490128/htdocs/apps/upn212evaldoc/system/Database/MySQLi/Connection.php:295
Stack trace:
#0 /homepages/34/d971490128/htdocs/apps/upn212evaldoc/system/Database/MySQLi/Connection.php(295): mysqli->query()
#1 /homepages/34/d971490128/htdocs/apps/upn212evaldoc/system/Database/BaseConnection.php(691): CodeIgniter\Database\MySQLi\Connection->execute()
#2 /homepages/34/d971490128/htdocs/apps/upn212evaldoc/system/Database/BaseConnection.php(605): CodeIgniter\Database\BaseConnection->simpleQuery()
#3 /homepages/34/d971490128/htdocs/apps/upn212evaldoc/system/Database/BaseBuilder.php(1801): CodeIgniter\Database\BaseConnection->query()
#4 /homepages/34/d971490128/htdocs/apps/upn212evaldoc/system/Database/BaseBuilder.php(2192): CodeIgniter\Database\BaseBuilder->batchExecute()
#5 /homepages/34/d971490128/htdocs/apps/upn212evaldoc/system/Model.php(364): CodeIgniter\Database\BaseBuilder->insertBatch()
#6 /homepages/34/d971490128/htdocs/apps/upn212evaldoc/system/BaseModel.php(874): CodeIgniter\Model->doInsertBatch()
#7 /homepages/34/d971490128/htdocs/apps/upn212evaldoc/app/Controllers/Admin/UsuarioController.php(216): CodeIgniter\BaseModel->insertBatch()
#8 /homepages/34/d971490128/htdocs/apps/upn212evaldoc/system/CodeIgniter.php(934): App\Controllers\Admin\UsuarioController->idue()
#9 /homepages/34/d971490128/htdocs/apps/upn212evaldoc/system/CodeIgniter.php(499): CodeIgniter\CodeIgniter->runController()
#10 /homepages/34/d971490128/htdocs/apps/upn212evaldoc/system/CodeIgniter.php(368): CodeIgniter\CodeIgniter->handleRequest()
#11 /homepages/34/d971490128/htdocs/apps/upn212evaldoc/public/index.php(67): CodeIgniter\CodeIgniter->run()
#12 {main}
CRITICAL - 2023-08-24 08:37:31 --> Duplicate entry 'karenaragon699@gmail.com' for key 'email'
in SYSTEMPATH/Database/MySQLi/Connection.php on line 295.
 1 SYSTEMPATH/Database/MySQLi/Connection.php(295): mysqli->query()
 2 SYSTEMPATH/Database/BaseConnection.php(691): CodeIgniter\Database\MySQLi\Connection->execute()
 3 SYSTEMPATH/Database/BaseConnection.php(605): CodeIgniter\Database\BaseConnection->simpleQuery()
 4 SYSTEMPATH/Database/BaseBuilder.php(1801): CodeIgniter\Database\BaseConnection->query()
 5 SYSTEMPATH/Database/BaseBuilder.php(2192): CodeIgniter\Database\BaseBuilder->batchExecute()
 6 SYSTEMPATH/Model.php(364): CodeIgniter\Database\BaseBuilder->insertBatch()
 7 SYSTEMPATH/BaseModel.php(874): CodeIgniter\Model->doInsertBatch()
 8 APPPATH/Controllers/Admin/UsuarioController.php(216): CodeIgniter\BaseModel->insertBatch()
 9 SYSTEMPATH/CodeIgniter.php(934): App\Controllers\Admin\UsuarioController->idue()
10 SYSTEMPATH/CodeIgniter.php(499): CodeIgniter\CodeIgniter->runController()
11 SYSTEMPATH/CodeIgniter.php(368): CodeIgniter\CodeIgniter->handleRequest()
12 FCPATH/index.php(67): CodeIgniter\CodeIgniter->run()
ERROR - 2023-08-24 09:38:42 --> mysqli_sql_exception: Duplicate entry 'enriquemelgarejo1998@gmail.com' for key 'email' in /homepages/34/d971490128/htdocs/apps/upn212evaldoc/system/Database/MySQLi/Connection.php:295
Stack trace:
#0 /homepages/34/d971490128/htdocs/apps/upn212evaldoc/system/Database/MySQLi/Connection.php(295): mysqli->query()
#1 /homepages/34/d971490128/htdocs/apps/upn212evaldoc/system/Database/BaseConnection.php(691): CodeIgniter\Database\MySQLi\Connection->execute()
#2 /homepages/34/d971490128/htdocs/apps/upn212evaldoc/system/Database/BaseConnection.php(605): CodeIgniter\Database\BaseConnection->simpleQuery()
#3 /homepages/34/d971490128/htdocs/apps/upn212evaldoc/system/Database/BaseBuilder.php(2309): CodeIgniter\Database\BaseConnection->query()
#4 /homepages/34/d971490128/htdocs/apps/upn212evaldoc/system/Model.php(330): CodeIgniter\Database\BaseBuilder->insert()
#5 /homepages/34/d971490128/htdocs/apps/upn212evaldoc/system/BaseModel.php(782): CodeIgniter\Model->doInsert()
#6 /homepages/34/d971490128/htdocs/apps/upn212evaldoc/system/Model.php(730): CodeIgniter\BaseModel->insert()
#7 /homepages/34/d971490128/htdocs/apps/upn212evaldoc/system/BaseModel.php(692): CodeIgniter\Model->insert()
#8 /homepages/34/d971490128/htdocs/apps/upn212evaldoc/app/Controllers/Admin/UsuarioController.php(88): CodeIgniter\BaseModel->save()
#9 /homepages/34/d971490128/htdocs/apps/upn212evaldoc/system/CodeIgniter.php(934): App\Controllers\Admin\UsuarioController->create()
#10 /homepages/34/d971490128/htdocs/apps/upn212evaldoc/system/CodeIgniter.php(499): CodeIgniter\CodeIgniter->runController()
#11 /homepages/34/d971490128/htdocs/apps/upn212evaldoc/system/CodeIgniter.php(368): CodeIgniter\CodeIgniter->handleRequest()
#12 /homepages/34/d971490128/htdocs/apps/upn212evaldoc/public/index.php(67): CodeIgniter\CodeIgniter->run()
#13 {main}
CRITICAL - 2023-08-24 09:38:42 --> Duplicate entry 'enriquemelgarejo1998@gmail.com' for key 'email'
in SYSTEMPATH/Database/MySQLi/Connection.php on line 295.
 1 SYSTEMPATH/Database/MySQLi/Connection.php(295): mysqli->query()
 2 SYSTEMPATH/Database/BaseConnection.php(691): CodeIgniter\Database\MySQLi\Connection->execute()
 3 SYSTEMPATH/Database/BaseConnection.php(605): CodeIgniter\Database\BaseConnection->simpleQuery()
 4 SYSTEMPATH/Database/BaseBuilder.php(2309): CodeIgniter\Database\BaseConnection->query()
 5 SYSTEMPATH/Model.php(330): CodeIgniter\Database\BaseBuilder->insert()
 6 SYSTEMPATH/BaseModel.php(782): CodeIgniter\Model->doInsert()
 7 SYSTEMPATH/Model.php(730): CodeIgniter\BaseModel->insert()
 8 SYSTEMPATH/BaseModel.php(692): CodeIgniter\Model->insert()
 9 APPPATH/Controllers/Admin/UsuarioController.php(88): CodeIgniter\BaseModel->save()
10 SYSTEMPATH/CodeIgniter.php(934): App\Controllers\Admin\UsuarioController->create()
11 SYSTEMPATH/CodeIgniter.php(499): CodeIgniter\CodeIgniter->runController()
12 SYSTEMPATH/CodeIgniter.php(368): CodeIgniter\CodeIgniter->handleRequest()
13 FCPATH/index.php(67): CodeIgniter\CodeIgniter->run()
CRITICAL - 2023-08-24 10:08:03 --> Class "App\Models\usuarioModel" not found
in APPPATH/Controllers/Admin/EstudianteController.php on line 17.
 1 SYSTEMPATH/CodeIgniter.php(906): App\Controllers\Admin\EstudianteController->__construct()
 2 SYSTEMPATH/CodeIgniter.php(490): CodeIgniter\CodeIgniter->createController()
 3 SYSTEMPATH/CodeIgniter.php(368): CodeIgniter\CodeIgniter->handleRequest()
 4 FCPATH/index.php(67): CodeIgniter\CodeIgniter->run()
CRITICAL - 2023-08-24 10:22:52 --> Undefined array key "creditos"
in APPPATH/Views/admin/areas/index.php on line 53.
 1 APPPATH/Views/admin/areas/index.php(53): CodeIgniter\Debug\Exceptions->errorHandler()
 2 SYSTEMPATH/View/View.php(213): include('/homepages/34/d971490128/htdocs/apps/upn212evaldoc/app/Views/admin/areas/index.php')
 3 SYSTEMPATH/View/View.php(216): CodeIgniter\View\View->CodeIgniter\View\{closure}()
 4 SYSTEMPATH/Common.php(1184): CodeIgniter\View\View->render()
 5 APPPATH/Controllers/Admin/AreaController.php(32): view()
 6 SYSTEMPATH/CodeIgniter.php(934): App\Controllers\Admin\AreaController->index()
 7 SYSTEMPATH/CodeIgniter.php(499): CodeIgniter\CodeIgniter->runController()
 8 SYSTEMPATH/CodeIgniter.php(368): CodeIgniter\CodeIgniter->handleRequest()
 9 FCPATH/index.php(67): CodeIgniter\CodeIgniter->run()
CRITICAL - 2023-08-24 11:21:25 --> Undefined array key "creditos"
in APPPATH/Views/admin/areas/index.php on line 53.
 1 APPPATH/Views/admin/areas/index.php(53): CodeIgniter\Debug\Exceptions->errorHandler()
 2 SYSTEMPATH/View/View.php(213): include('/homepages/34/d971490128/htdocs/apps/upn212evaldoc/app/Views/admin/areas/index.php')
 3 SYSTEMPATH/View/View.php(216): CodeIgniter\View\View->CodeIgniter\View\{closure}()
 4 SYSTEMPATH/Common.php(1184): CodeIgniter\View\View->render()
 5 APPPATH/Controllers/Admin/AreaController.php(32): view()
 6 SYSTEMPATH/CodeIgniter.php(934): App\Controllers\Admin\AreaController->index()
 7 SYSTEMPATH/CodeIgniter.php(499): CodeIgniter\CodeIgniter->runController()
 8 SYSTEMPATH/CodeIgniter.php(368): CodeIgniter\CodeIgniter->handleRequest()
 9 FCPATH/index.php(67): CodeIgniter\CodeIgniter->run()
CRITICAL - 2023-08-24 12:31:03 --> Class "App\Models\usuarioModel" not found
in APPPATH/Controllers/Admin/EstudianteController.php on line 17.
 1 SYSTEMPATH/CodeIgniter.php(906): App\Controllers\Admin\EstudianteController->__construct()
 2 SYSTEMPATH/CodeIgniter.php(490): CodeIgniter\CodeIgniter->createController()
 3 SYSTEMPATH/CodeIgniter.php(368): CodeIgniter\CodeIgniter->handleRequest()
 4 FCPATH/index.php(67): CodeIgniter\CodeIgniter->run()
ERROR - 2023-08-24 13:46:05 --> mysqli_sql_exception: Duplicate entry 'adanlunamorales23@gmail.com' for key 'email' in /homepages/34/d971490128/htdocs/apps/upn212evaldoc/system/Database/MySQLi/Connection.php:295
Stack trace:
#0 /homepages/34/d971490128/htdocs/apps/upn212evaldoc/system/Database/MySQLi/Connection.php(295): mysqli->query()
#1 /homepages/34/d971490128/htdocs/apps/upn212evaldoc/system/Database/BaseConnection.php(691): CodeIgniter\Database\MySQLi\Connection->execute()
#2 /homepages/34/d971490128/htdocs/apps/upn212evaldoc/system/Database/BaseConnection.php(605): CodeIgniter\Database\BaseConnection->simpleQuery()
#3 /homepages/34/d971490128/htdocs/apps/upn212evaldoc/system/Database/BaseBuilder.php(2309): CodeIgniter\Database\BaseConnection->query()
#4 /homepages/34/d971490128/htdocs/apps/upn212evaldoc/system/Model.php(330): CodeIgniter\Database\BaseBuilder->insert()
#5 /homepages/34/d971490128/htdocs/apps/upn212evaldoc/system/BaseModel.php(782): CodeIgniter\Model->doInsert()
#6 /homepages/34/d971490128/htdocs/apps/upn212evaldoc/system/Model.php(730): CodeIgniter\BaseModel->insert()
#7 /homepages/34/d971490128/htdocs/apps/upn212evaldoc/system/BaseModel.php(692): CodeIgniter\Model->insert()
#8 /homepages/34/d971490128/htdocs/apps/upn212evaldoc/app/Controllers/Admin/UsuarioController.php(79): CodeIgniter\BaseModel->save()
#9 /homepages/34/d971490128/htdocs/apps/upn212evaldoc/system/CodeIgniter.php(934): App\Controllers\Admin\UsuarioController->create()
#10 /homepages/34/d971490128/htdocs/apps/upn212evaldoc/system/CodeIgniter.php(499): CodeIgniter\CodeIgniter->runController()
#11 /homepages/34/d971490128/htdocs/apps/upn212evaldoc/system/CodeIgniter.php(368): CodeIgniter\CodeIgniter->handleRequest()
#12 /homepages/34/d971490128/htdocs/apps/upn212evaldoc/public/index.php(67): CodeIgniter\CodeIgniter->run()
#13 {main}
CRITICAL - 2023-08-24 13:46:05 --> Duplicate entry 'adanlunamorales23@gmail.com' for key 'email'
in SYSTEMPATH/Database/MySQLi/Connection.php on line 295.
 1 SYSTEMPATH/Database/MySQLi/Connection.php(295): mysqli->query()
 2 SYSTEMPATH/Database/BaseConnection.php(691): CodeIgniter\Database\MySQLi\Connection->execute()
 3 SYSTEMPATH/Database/BaseConnection.php(605): CodeIgniter\Database\BaseConnection->simpleQuery()
 4 SYSTEMPATH/Database/BaseBuilder.php(2309): CodeIgniter\Database\BaseConnection->query()
 5 SYSTEMPATH/Model.php(330): CodeIgniter\Database\BaseBuilder->insert()
 6 SYSTEMPATH/BaseModel.php(782): CodeIgniter\Model->doInsert()
 7 SYSTEMPATH/Model.php(730): CodeIgniter\BaseModel->insert()
 8 SYSTEMPATH/BaseModel.php(692): CodeIgniter\Model->insert()
 9 APPPATH/Controllers/Admin/UsuarioController.php(79): CodeIgniter\BaseModel->save()
10 SYSTEMPATH/CodeIgniter.php(934): App\Controllers\Admin\UsuarioController->create()
11 SYSTEMPATH/CodeIgniter.php(499): CodeIgniter\CodeIgniter->runController()
12 SYSTEMPATH/CodeIgniter.php(368): CodeIgniter\CodeIgniter->handleRequest()
13 FCPATH/index.php(67): CodeIgniter\CodeIgniter->run()
ERROR - 2023-08-24 13:46:13 --> mysqli_sql_exception: Duplicate entry 'adanlunamorales23@gmail.com' for key 'email' in /homepages/34/d971490128/htdocs/apps/upn212evaldoc/system/Database/MySQLi/Connection.php:295
Stack trace:
#0 /homepages/34/d971490128/htdocs/apps/upn212evaldoc/system/Database/MySQLi/Connection.php(295): mysqli->query()
#1 /homepages/34/d971490128/htdocs/apps/upn212evaldoc/system/Database/BaseConnection.php(691): CodeIgniter\Database\MySQLi\Connection->execute()
#2 /homepages/34/d971490128/htdocs/apps/upn212evaldoc/system/Database/BaseConnection.php(605): CodeIgniter\Database\BaseConnection->simpleQuery()
#3 /homepages/34/d971490128/htdocs/apps/upn212evaldoc/system/Database/BaseBuilder.php(2309): CodeIgniter\Database\BaseConnection->query()
#4 /homepages/34/d971490128/htdocs/apps/upn212evaldoc/system/Model.php(330): CodeIgniter\Database\BaseBuilder->insert()
#5 /homepages/34/d971490128/htdocs/apps/upn212evaldoc/system/BaseModel.php(782): CodeIgniter\Model->doInsert()
#6 /homepages/34/d971490128/htdocs/apps/upn212evaldoc/system/Model.php(730): CodeIgniter\BaseModel->insert()
#7 /homepages/34/d971490128/htdocs/apps/upn212evaldoc/system/BaseModel.php(692): CodeIgniter\Model->insert()
#8 /homepages/34/d971490128/htdocs/apps/upn212evaldoc/app/Controllers/Admin/UsuarioController.php(79): CodeIgniter\BaseModel->save()
#9 /homepages/34/d971490128/htdocs/apps/upn212evaldoc/system/CodeIgniter.php(934): App\Controllers\Admin\UsuarioController->create()
#10 /homepages/34/d971490128/htdocs/apps/upn212evaldoc/system/CodeIgniter.php(499): CodeIgniter\CodeIgniter->runController()
#11 /homepages/34/d971490128/htdocs/apps/upn212evaldoc/system/CodeIgniter.php(368): CodeIgniter\CodeIgniter->handleRequest()
#12 /homepages/34/d971490128/htdocs/apps/upn212evaldoc/public/index.php(67): CodeIgniter\CodeIgniter->run()
#13 {main}
CRITICAL - 2023-08-24 13:46:13 --> Duplicate entry 'adanlunamorales23@gmail.com' for key 'email'
in SYSTEMPATH/Database/MySQLi/Connection.php on line 295.
 1 SYSTEMPATH/Database/MySQLi/Connection.php(295): mysqli->query()
 2 SYSTEMPATH/Database/BaseConnection.php(691): CodeIgniter\Database\MySQLi\Connection->execute()
 3 SYSTEMPATH/Database/BaseConnection.php(605): CodeIgniter\Database\BaseConnection->simpleQuery()
 4 SYSTEMPATH/Database/BaseBuilder.php(2309): CodeIgniter\Database\BaseConnection->query()
 5 SYSTEMPATH/Model.php(330): CodeIgniter\Database\BaseBuilder->insert()
 6 SYSTEMPATH/BaseModel.php(782): CodeIgniter\Model->doInsert()
 7 SYSTEMPATH/Model.php(730): CodeIgniter\BaseModel->insert()
 8 SYSTEMPATH/BaseModel.php(692): CodeIgniter\Model->insert()
 9 APPPATH/Controllers/Admin/UsuarioController.php(79): CodeIgniter\BaseModel->save()
10 SYSTEMPATH/CodeIgniter.php(934): App\Controllers\Admin\UsuarioController->create()
11 SYSTEMPATH/CodeIgniter.php(499): CodeIgniter\CodeIgniter->runController()
12 SYSTEMPATH/CodeIgniter.php(368): CodeIgniter\CodeIgniter->handleRequest()
13 FCPATH/index.php(67): CodeIgniter\CodeIgniter->run()
ERROR - 2023-08-24 13:46:29 --> mysqli_sql_exception: Duplicate entry 'adanlunamorales23@gmail.com' for key 'email' in /homepages/34/d971490128/htdocs/apps/upn212evaldoc/system/Database/MySQLi/Connection.php:295
Stack trace:
#0 /homepages/34/d971490128/htdocs/apps/upn212evaldoc/system/Database/MySQLi/Connection.php(295): mysqli->query()
#1 /homepages/34/d971490128/htdocs/apps/upn212evaldoc/system/Database/BaseConnection.php(691): CodeIgniter\Database\MySQLi\Connection->execute()
#2 /homepages/34/d971490128/htdocs/apps/upn212evaldoc/system/Database/BaseConnection.php(605): CodeIgniter\Database\BaseConnection->simpleQuery()
#3 /homepages/34/d971490128/htdocs/apps/upn212evaldoc/system/Database/BaseBuilder.php(2309): CodeIgniter\Database\BaseConnection->query()
#4 /homepages/34/d971490128/htdocs/apps/upn212evaldoc/system/Model.php(330): CodeIgniter\Database\BaseBuilder->insert()
#5 /homepages/34/d971490128/htdocs/apps/upn212evaldoc/system/BaseModel.php(782): CodeIgniter\Model->doInsert()
#6 /homepages/34/d971490128/htdocs/apps/upn212evaldoc/system/Model.php(730): CodeIgniter\BaseModel->insert()
#7 /homepages/34/d971490128/htdocs/apps/upn212evaldoc/system/BaseModel.php(692): CodeIgniter\Model->insert()
#8 /homepages/34/d971490128/htdocs/apps/upn212evaldoc/app/Controllers/Admin/UsuarioController.php(79): CodeIgniter\BaseModel->save()
#9 /homepages/34/d971490128/htdocs/apps/upn212evaldoc/system/CodeIgniter.php(934): App\Controllers\Admin\UsuarioController->create()
#10 /homepages/34/d971490128/htdocs/apps/upn212evaldoc/system/CodeIgniter.php(499): CodeIgniter\CodeIgniter->runController()
#11 /homepages/34/d971490128/htdocs/apps/upn212evaldoc/system/CodeIgniter.php(368): CodeIgniter\CodeIgniter->handleRequest()
#12 /homepages/34/d971490128/htdocs/apps/upn212evaldoc/public/index.php(67): CodeIgniter\CodeIgniter->run()
#13 {main}
CRITICAL - 2023-08-24 13:46:29 --> Duplicate entry 'adanlunamorales23@gmail.com' for key 'email'
in SYSTEMPATH/Database/MySQLi/Connection.php on line 295.
 1 SYSTEMPATH/Database/MySQLi/Connection.php(295): mysqli->query()
 2 SYSTEMPATH/Database/BaseConnection.php(691): CodeIgniter\Database\MySQLi\Connection->execute()
 3 SYSTEMPATH/Database/BaseConnection.php(605): CodeIgniter\Database\BaseConnection->simpleQuery()
 4 SYSTEMPATH/Database/BaseBuilder.php(2309): CodeIgniter\Database\BaseConnection->query()
 5 SYSTEMPATH/Model.php(330): CodeIgniter\Database\BaseBuilder->insert()
 6 SYSTEMPATH/BaseModel.php(782): CodeIgniter\Model->doInsert()
 7 SYSTEMPATH/Model.php(730): CodeIgniter\BaseModel->insert()
 8 SYSTEMPATH/BaseModel.php(692): CodeIgniter\Model->insert()
 9 APPPATH/Controllers/Admin/UsuarioController.php(79): CodeIgniter\BaseModel->save()
10 SYSTEMPATH/CodeIgniter.php(934): App\Controllers\Admin\UsuarioController->create()
11 SYSTEMPATH/CodeIgniter.php(499): CodeIgniter\CodeIgniter->runController()
12 SYSTEMPATH/CodeIgniter.php(368): CodeIgniter\CodeIgniter->handleRequest()
13 FCPATH/index.php(67): CodeIgniter\CodeIgniter->run()
ERROR - 2023-08-24 13:46:33 --> mysqli_sql_exception: Duplicate entry 'adanlunamorales23@gmail.com' for key 'email' in /homepages/34/d971490128/htdocs/apps/upn212evaldoc/system/Database/MySQLi/Connection.php:295
Stack trace:
#0 /homepages/34/d971490128/htdocs/apps/upn212evaldoc/system/Database/MySQLi/Connection.php(295): mysqli->query()
#1 /homepages/34/d971490128/htdocs/apps/upn212evaldoc/system/Database/BaseConnection.php(691): CodeIgniter\Database\MySQLi\Connection->execute()
#2 /homepages/34/d971490128/htdocs/apps/upn212evaldoc/system/Database/BaseConnection.php(605): CodeIgniter\Database\BaseConnection->simpleQuery()
#3 /homepages/34/d971490128/htdocs/apps/upn212evaldoc/system/Database/BaseBuilder.php(2309): CodeIgniter\Database\BaseConnection->query()
#4 /homepages/34/d971490128/htdocs/apps/upn212evaldoc/system/Model.php(330): CodeIgniter\Database\BaseBuilder->insert()
#5 /homepages/34/d971490128/htdocs/apps/upn212evaldoc/system/BaseModel.php(782): CodeIgniter\Model->doInsert()
#6 /homepages/34/d971490128/htdocs/apps/upn212evaldoc/system/Model.php(730): CodeIgniter\BaseModel->insert()
#7 /homepages/34/d971490128/htdocs/apps/upn212evaldoc/system/BaseModel.php(692): CodeIgniter\Model->insert()
#8 /homepages/34/d971490128/htdocs/apps/upn212evaldoc/app/Controllers/Admin/UsuarioController.php(79): CodeIgniter\BaseModel->save()
#9 /homepages/34/d971490128/htdocs/apps/upn212evaldoc/system/CodeIgniter.php(934): App\Controllers\Admin\UsuarioController->create()
#10 /homepages/34/d971490128/htdocs/apps/upn212evaldoc/system/CodeIgniter.php(499): CodeIgniter\CodeIgniter->runController()
#11 /homepages/34/d971490128/htdocs/apps/upn212evaldoc/system/CodeIgniter.php(368): CodeIgniter\CodeIgniter->handleRequest()
#12 /homepages/34/d971490128/htdocs/apps/upn212evaldoc/public/index.php(67): CodeIgniter\CodeIgniter->run()
#13 {main}
CRITICAL - 2023-08-24 13:46:33 --> Duplicate entry 'adanlunamorales23@gmail.com' for key 'email'
in SYSTEMPATH/Database/MySQLi/Connection.php on line 295.
 1 SYSTEMPATH/Database/MySQLi/Connection.php(295): mysqli->query()
 2 SYSTEMPATH/Database/BaseConnection.php(691): CodeIgniter\Database\MySQLi\Connection->execute()
 3 SYSTEMPATH/Database/BaseConnection.php(605): CodeIgniter\Database\BaseConnection->simpleQuery()
 4 SYSTEMPATH/Database/BaseBuilder.php(2309): CodeIgniter\Database\BaseConnection->query()
 5 SYSTEMPATH/Model.php(330): CodeIgniter\Database\BaseBuilder->insert()
 6 SYSTEMPATH/BaseModel.php(782): CodeIgniter\Model->doInsert()
 7 SYSTEMPATH/Model.php(730): CodeIgniter\BaseModel->insert()
 8 SYSTEMPATH/BaseModel.php(692): CodeIgniter\Model->insert()
 9 APPPATH/Controllers/Admin/UsuarioController.php(79): CodeIgniter\BaseModel->save()
10 SYSTEMPATH/CodeIgniter.php(934): App\Controllers\Admin\UsuarioController->create()
11 SYSTEMPATH/CodeIgniter.php(499): CodeIgniter\CodeIgniter->runController()
12 SYSTEMPATH/CodeIgniter.php(368): CodeIgniter\CodeIgniter->handleRequest()
13 FCPATH/index.php(67): CodeIgniter\CodeIgniter->run()
ERROR - 2023-08-24 13:46:44 --> mysqli_sql_exception: Duplicate entry 'adanlunamorales23@gmail.com' for key 'email' in /homepages/34/d971490128/htdocs/apps/upn212evaldoc/system/Database/MySQLi/Connection.php:295
Stack trace:
#0 /homepages/34/d971490128/htdocs/apps/upn212evaldoc/system/Database/MySQLi/Connection.php(295): mysqli->query()
#1 /homepages/34/d971490128/htdocs/apps/upn212evaldoc/system/Database/BaseConnection.php(691): CodeIgniter\Database\MySQLi\Connection->execute()
#2 /homepages/34/d971490128/htdocs/apps/upn212evaldoc/system/Database/BaseConnection.php(605): CodeIgniter\Database\BaseConnection->simpleQuery()
#3 /homepages/34/d971490128/htdocs/apps/upn212evaldoc/system/Database/BaseBuilder.php(2309): CodeIgniter\Database\BaseConnection->query()
#4 /homepages/34/d971490128/htdocs/apps/upn212evaldoc/system/Model.php(330): CodeIgniter\Database\BaseBuilder->insert()
#5 /homepages/34/d971490128/htdocs/apps/upn212evaldoc/system/BaseModel.php(782): CodeIgniter\Model->doInsert()
#6 /homepages/34/d971490128/htdocs/apps/upn212evaldoc/system/Model.php(730): CodeIgniter\BaseModel->insert()
#7 /homepages/34/d971490128/htdocs/apps/upn212evaldoc/system/BaseModel.php(692): CodeIgniter\Model->insert()
#8 /homepages/34/d971490128/htdocs/apps/upn212evaldoc/app/Controllers/Admin/UsuarioController.php(79): CodeIgniter\BaseModel->save()
#9 /homepages/34/d971490128/htdocs/apps/upn212evaldoc/system/CodeIgniter.php(934): App\Controllers\Admin\UsuarioController->create()
#10 /homepages/34/d971490128/htdocs/apps/upn212evaldoc/system/CodeIgniter.php(499): CodeIgniter\CodeIgniter->runController()
#11 /homepages/34/d971490128/htdocs/apps/upn212evaldoc/system/CodeIgniter.php(368): CodeIgniter\CodeIgniter->handleRequest()
#12 /homepages/34/d971490128/htdocs/apps/upn212evaldoc/public/index.php(67): CodeIgniter\CodeIgniter->run()
#13 {main}
CRITICAL - 2023-08-24 13:46:44 --> Duplicate entry 'adanlunamorales23@gmail.com' for key 'email'
in SYSTEMPATH/Database/MySQLi/Connection.php on line 295.
 1 SYSTEMPATH/Database/MySQLi/Connection.php(295): mysqli->query()
 2 SYSTEMPATH/Database/BaseConnection.php(691): CodeIgniter\Database\MySQLi\Connection->execute()
 3 SYSTEMPATH/Database/BaseConnection.php(605): CodeIgniter\Database\BaseConnection->simpleQuery()
 4 SYSTEMPATH/Database/BaseBuilder.php(2309): CodeIgniter\Database\BaseConnection->query()
 5 SYSTEMPATH/Model.php(330): CodeIgniter\Database\BaseBuilder->insert()
 6 SYSTEMPATH/BaseModel.php(782): CodeIgniter\Model->doInsert()
 7 SYSTEMPATH/Model.php(730): CodeIgniter\BaseModel->insert()
 8 SYSTEMPATH/BaseModel.php(692): CodeIgniter\Model->insert()
 9 APPPATH/Controllers/Admin/UsuarioController.php(79): CodeIgniter\BaseModel->save()
10 SYSTEMPATH/CodeIgniter.php(934): App\Controllers\Admin\UsuarioController->create()
11 SYSTEMPATH/CodeIgniter.php(499): CodeIgniter\CodeIgniter->runController()
12 SYSTEMPATH/CodeIgniter.php(368): CodeIgniter\CodeIgniter->handleRequest()
13 FCPATH/index.php(67): CodeIgniter\CodeIgniter->run()
CRITICAL - 2023-08-24 14:40:27 --> Class "App\Models\usuarioModel" not found
in APPPATH/Controllers/Admin/EstudianteController.php on line 17.
 1 SYSTEMPATH/CodeIgniter.php(906): App\Controllers\Admin\EstudianteController->__construct()
 2 SYSTEMPATH/CodeIgniter.php(490): CodeIgniter\CodeIgniter->createController()
 3 SYSTEMPATH/CodeIgniter.php(368): CodeIgniter\CodeIgniter->handleRequest()
 4 FCPATH/index.php(67): CodeIgniter\CodeIgniter->run()
ERROR - 2023-08-24 14:42:07 --> mysqli_sql_exception: Duplicate entry 'mariasoalvarez1318@gmail.com' for key 'email' in /homepages/34/d971490128/htdocs/apps/upn212evaldoc/system/Database/MySQLi/Connection.php:295
Stack trace:
#0 /homepages/34/d971490128/htdocs/apps/upn212evaldoc/system/Database/MySQLi/Connection.php(295): mysqli->query()
#1 /homepages/34/d971490128/htdocs/apps/upn212evaldoc/system/Database/BaseConnection.php(691): CodeIgniter\Database\MySQLi\Connection->execute()
#2 /homepages/34/d971490128/htdocs/apps/upn212evaldoc/system/Database/BaseConnection.php(605): CodeIgniter\Database\BaseConnection->simpleQuery()
#3 /homepages/34/d971490128/htdocs/apps/upn212evaldoc/system/Database/BaseBuilder.php(1801): CodeIgniter\Database\BaseConnection->query()
#4 /homepages/34/d971490128/htdocs/apps/upn212evaldoc/system/Database/BaseBuilder.php(2192): CodeIgniter\Database\BaseBuilder->batchExecute()
#5 /homepages/34/d971490128/htdocs/apps/upn212evaldoc/system/Model.php(364): CodeIgniter\Database\BaseBuilder->insertBatch()
#6 /homepages/34/d971490128/htdocs/apps/upn212evaldoc/system/BaseModel.php(874): CodeIgniter\Model->doInsertBatch()
#7 /homepages/34/d971490128/htdocs/apps/upn212evaldoc/app/Controllers/Admin/UsuarioController.php(207): CodeIgniter\BaseModel->insertBatch()
#8 /homepages/34/d971490128/htdocs/apps/upn212evaldoc/system/CodeIgniter.php(934): App\Controllers\Admin\UsuarioController->idue()
#9 /homepages/34/d971490128/htdocs/apps/upn212evaldoc/system/CodeIgniter.php(499): CodeIgniter\CodeIgniter->runController()
#10 /homepages/34/d971490128/htdocs/apps/upn212evaldoc/system/CodeIgniter.php(368): CodeIgniter\CodeIgniter->handleRequest()
#11 /homepages/34/d971490128/htdocs/apps/upn212evaldoc/public/index.php(67): CodeIgniter\CodeIgniter->run()
#12 {main}
CRITICAL - 2023-08-24 14:42:07 --> Duplicate entry 'mariasoalvarez1318@gmail.com' for key 'email'
in SYSTEMPATH/Database/MySQLi/Connection.php on line 295.
 1 SYSTEMPATH/Database/MySQLi/Connection.php(295): mysqli->query()
 2 SYSTEMPATH/Database/BaseConnection.php(691): CodeIgniter\Database\MySQLi\Connection->execute()
 3 SYSTEMPATH/Database/BaseConnection.php(605): CodeIgniter\Database\BaseConnection->simpleQuery()
 4 SYSTEMPATH/Database/BaseBuilder.php(1801): CodeIgniter\Database\BaseConnection->query()
 5 SYSTEMPATH/Database/BaseBuilder.php(2192): CodeIgniter\Database\BaseBuilder->batchExecute()
 6 SYSTEMPATH/Model.php(364): CodeIgniter\Database\BaseBuilder->insertBatch()
 7 SYSTEMPATH/BaseModel.php(874): CodeIgniter\Model->doInsertBatch()
 8 APPPATH/Controllers/Admin/UsuarioController.php(207): CodeIgniter\BaseModel->insertBatch()
 9 SYSTEMPATH/CodeIgniter.php(934): App\Controllers\Admin\UsuarioController->idue()
10 SYSTEMPATH/CodeIgniter.php(499): CodeIgniter\CodeIgniter->runController()
11 SYSTEMPATH/CodeIgniter.php(368): CodeIgniter\CodeIgniter->handleRequest()
12 FCPATH/index.php(67): CodeIgniter\CodeIgniter->run()
ERROR - 2023-08-24 14:42:32 --> mysqli_sql_exception: Duplicate entry 'mariasoalvarez1318@gmail.com' for key 'email' in /homepages/34/d971490128/htdocs/apps/upn212evaldoc/system/Database/MySQLi/Connection.php:295
Stack trace:
#0 /homepages/34/d971490128/htdocs/apps/upn212evaldoc/system/Database/MySQLi/Connection.php(295): mysqli->query()
#1 /homepages/34/d971490128/htdocs/apps/upn212evaldoc/system/Database/BaseConnection.php(691): CodeIgniter\Database\MySQLi\Connection->execute()
#2 /homepages/34/d971490128/htdocs/apps/upn212evaldoc/system/Database/BaseConnection.php(605): CodeIgniter\Database\BaseConnection->simpleQuery()
#3 /homepages/34/d971490128/htdocs/apps/upn212evaldoc/system/Database/BaseBuilder.php(1801): CodeIgniter\Database\BaseConnection->query()
#4 /homepages/34/d971490128/htdocs/apps/upn212evaldoc/system/Database/BaseBuilder.php(2192): CodeIgniter\Database\BaseBuilder->batchExecute()
#5 /homepages/34/d971490128/htdocs/apps/upn212evaldoc/system/Model.php(364): CodeIgniter\Database\BaseBuilder->insertBatch()
#6 /homepages/34/d971490128/htdocs/apps/upn212evaldoc/system/BaseModel.php(874): CodeIgniter\Model->doInsertBatch()
#7 /homepages/34/d971490128/htdocs/apps/upn212evaldoc/app/Controllers/Admin/UsuarioController.php(207): CodeIgniter\BaseModel->insertBatch()
#8 /homepages/34/d971490128/htdocs/apps/upn212evaldoc/system/CodeIgniter.php(934): App\Controllers\Admin\UsuarioController->idue()
#9 /homepages/34/d971490128/htdocs/apps/upn212evaldoc/system/CodeIgniter.php(499): CodeIgniter\CodeIgniter->runController()
#10 /homepages/34/d971490128/htdocs/apps/upn212evaldoc/system/CodeIgniter.php(368): CodeIgniter\CodeIgniter->handleRequest()
#11 /homepages/34/d971490128/htdocs/apps/upn212evaldoc/public/index.php(67): CodeIgniter\CodeIgniter->run()
#12 {main}
CRITICAL - 2023-08-24 14:42:32 --> Duplicate entry 'mariasoalvarez1318@gmail.com' for key 'email'
in SYSTEMPATH/Database/MySQLi/Connection.php on line 295.
 1 SYSTEMPATH/Database/MySQLi/Connection.php(295): mysqli->query()
 2 SYSTEMPATH/Database/BaseConnection.php(691): CodeIgniter\Database\MySQLi\Connection->execute()
 3 SYSTEMPATH/Database/BaseConnection.php(605): CodeIgniter\Database\BaseConnection->simpleQuery()
 4 SYSTEMPATH/Database/BaseBuilder.php(1801): CodeIgniter\Database\BaseConnection->query()
 5 SYSTEMPATH/Database/BaseBuilder.php(2192): CodeIgniter\Database\BaseBuilder->batchExecute()
 6 SYSTEMPATH/Model.php(364): CodeIgniter\Database\BaseBuilder->insertBatch()
 7 SYSTEMPATH/BaseModel.php(874): CodeIgniter\Model->doInsertBatch()
 8 APPPATH/Controllers/Admin/UsuarioController.php(207): CodeIgniter\BaseModel->insertBatch()
 9 SYSTEMPATH/CodeIgniter.php(934): App\Controllers\Admin\UsuarioController->idue()
10 SYSTEMPATH/CodeIgniter.php(499): CodeIgniter\CodeIgniter->runController()
11 SYSTEMPATH/CodeIgniter.php(368): CodeIgniter\CodeIgniter->handleRequest()
12 FCPATH/index.php(67): CodeIgniter\CodeIgniter->run()
ERROR - 2023-08-24 14:42:50 --> mysqli_sql_exception: Duplicate entry 'mariasoalvarez1318@gmail.com' for key 'email' in /homepages/34/d971490128/htdocs/apps/upn212evaldoc/system/Database/MySQLi/Connection.php:295
Stack trace:
#0 /homepages/34/d971490128/htdocs/apps/upn212evaldoc/system/Database/MySQLi/Connection.php(295): mysqli->query()
#1 /homepages/34/d971490128/htdocs/apps/upn212evaldoc/system/Database/BaseConnection.php(691): CodeIgniter\Database\MySQLi\Connection->execute()
#2 /homepages/34/d971490128/htdocs/apps/upn212evaldoc/system/Database/BaseConnection.php(605): CodeIgniter\Database\BaseConnection->simpleQuery()
#3 /homepages/34/d971490128/htdocs/apps/upn212evaldoc/system/Database/BaseBuilder.php(1801): CodeIgniter\Database\BaseConnection->query()
#4 /homepages/34/d971490128/htdocs/apps/upn212evaldoc/system/Database/BaseBuilder.php(2192): CodeIgniter\Database\BaseBuilder->batchExecute()
#5 /homepages/34/d971490128/htdocs/apps/upn212evaldoc/system/Model.php(364): CodeIgniter\Database\BaseBuilder->insertBatch()
#6 /homepages/34/d971490128/htdocs/apps/upn212evaldoc/system/BaseModel.php(874): CodeIgniter\Model->doInsertBatch()
#7 /homepages/34/d971490128/htdocs/apps/upn212evaldoc/app/Controllers/Admin/UsuarioController.php(207): CodeIgniter\BaseModel->insertBatch()
#8 /homepages/34/d971490128/htdocs/apps/upn212evaldoc/system/CodeIgniter.php(934): App\Controllers\Admin\UsuarioController->idue()
#9 /homepages/34/d971490128/htdocs/apps/upn212evaldoc/system/CodeIgniter.php(499): CodeIgniter\CodeIgniter->runController()
#10 /homepages/34/d971490128/htdocs/apps/upn212evaldoc/system/CodeIgniter.php(368): CodeIgniter\CodeIgniter->handleRequest()
#11 /homepages/34/d971490128/htdocs/apps/upn212evaldoc/public/index.php(67): CodeIgniter\CodeIgniter->run()
#12 {main}
CRITICAL - 2023-08-24 14:42:50 --> Duplicate entry 'mariasoalvarez1318@gmail.com' for key 'email'
in SYSTEMPATH/Database/MySQLi/Connection.php on line 295.
 1 SYSTEMPATH/Database/MySQLi/Connection.php(295): mysqli->query()
 2 SYSTEMPATH/Database/BaseConnection.php(691): CodeIgniter\Database\MySQLi\Connection->execute()
 3 SYSTEMPATH/Database/BaseConnection.php(605): CodeIgniter\Database\BaseConnection->simpleQuery()
 4 SYSTEMPATH/Database/BaseBuilder.php(1801): CodeIgniter\Database\BaseConnection->query()
 5 SYSTEMPATH/Database/BaseBuilder.php(2192): CodeIgniter\Database\BaseBuilder->batchExecute()
 6 SYSTEMPATH/Model.php(364): CodeIgniter\Database\BaseBuilder->insertBatch()
 7 SYSTEMPATH/BaseModel.php(874): CodeIgniter\Model->doInsertBatch()
 8 APPPATH/Controllers/Admin/UsuarioController.php(207): CodeIgniter\BaseModel->insertBatch()
 9 SYSTEMPATH/CodeIgniter.php(934): App\Controllers\Admin\UsuarioController->idue()
10 SYSTEMPATH/CodeIgniter.php(499): CodeIgniter\CodeIgniter->runController()
11 SYSTEMPATH/CodeIgniter.php(368): CodeIgniter\CodeIgniter->handleRequest()
12 FCPATH/index.php(67): CodeIgniter\CodeIgniter->run()
ERROR - 2023-08-24 19:52:28 --> mysqli_sql_exception: Duplicate entry 'espinozalara690@gmail.com' for key 'email' in /homepages/34/d971490128/htdocs/apps/upn212evaldoc/system/Database/MySQLi/Connection.php:295
Stack trace:
#0 /homepages/34/d971490128/htdocs/apps/upn212evaldoc/system/Database/MySQLi/Connection.php(295): mysqli->query()
#1 /homepages/34/d971490128/htdocs/apps/upn212evaldoc/system/Database/BaseConnection.php(691): CodeIgniter\Database\MySQLi\Connection->execute()
#2 /homepages/34/d971490128/htdocs/apps/upn212evaldoc/system/Database/BaseConnection.php(605): CodeIgniter\Database\BaseConnection->simpleQuery()
#3 /homepages/34/d971490128/htdocs/apps/upn212evaldoc/system/Database/BaseBuilder.php(2309): CodeIgniter\Database\BaseConnection->query()
#4 /homepages/34/d971490128/htdocs/apps/upn212evaldoc/system/Model.php(330): CodeIgniter\Database\BaseBuilder->insert()
#5 /homepages/34/d971490128/htdocs/apps/upn212evaldoc/system/BaseModel.php(782): CodeIgniter\Model->doInsert()
#6 /homepages/34/d971490128/htdocs/apps/upn212evaldoc/system/Model.php(730): CodeIgniter\BaseModel->insert()
#7 /homepages/34/d971490128/htdocs/apps/upn212evaldoc/system/BaseModel.php(692): CodeIgniter\Model->insert()
#8 /homepages/34/d971490128/htdocs/apps/upn212evaldoc/app/Controllers/Admin/UsuarioController.php(79): CodeIgniter\BaseModel->save()
#9 /homepages/34/d971490128/htdocs/apps/upn212evaldoc/system/CodeIgniter.php(934): App\Controllers\Admin\UsuarioController->create()
#10 /homepages/34/d971490128/htdocs/apps/upn212evaldoc/system/CodeIgniter.php(499): CodeIgniter\CodeIgniter->runController()
#11 /homepages/34/d971490128/htdocs/apps/upn212evaldoc/system/CodeIgniter.php(368): CodeIgniter\CodeIgniter->handleRequest()
#12 /homepages/34/d971490128/htdocs/apps/upn212evaldoc/public/index.php(67): CodeIgniter\CodeIgniter->run()
#13 {main}
CRITICAL - 2023-08-24 19:52:28 --> Duplicate entry 'espinozalara690@gmail.com' for key 'email'
in SYSTEMPATH/Database/MySQLi/Connection.php on line 295.
 1 SYSTEMPATH/Database/MySQLi/Connection.php(295): mysqli->query()
 2 SYSTEMPATH/Database/BaseConnection.php(691): CodeIgniter\Database\MySQLi\Connection->execute()
 3 SYSTEMPATH/Database/BaseConnection.php(605): CodeIgniter\Database\BaseConnection->simpleQuery()
 4 SYSTEMPATH/Database/BaseBuilder.php(2309): CodeIgniter\Database\BaseConnection->query()
 5 SYSTEMPATH/Model.php(330): CodeIgniter\Database\BaseBuilder->insert()
 6 SYSTEMPATH/BaseModel.php(782): CodeIgniter\Model->doInsert()
 7 SYSTEMPATH/Model.php(730): CodeIgniter\BaseModel->insert()
 8 SYSTEMPATH/BaseModel.php(692): CodeIgniter\Model->insert()
 9 APPPATH/Controllers/Admin/UsuarioController.php(79): CodeIgniter\BaseModel->save()
10 SYSTEMPATH/CodeIgniter.php(934): App\Controllers\Admin\UsuarioController->create()
11 SYSTEMPATH/CodeIgniter.php(499): CodeIgniter\CodeIgniter->runController()
12 SYSTEMPATH/CodeIgniter.php(368): CodeIgniter\CodeIgniter->handleRequest()
13 FCPATH/index.php(67): CodeIgniter\CodeIgniter->run()
ERROR - 2023-08-24 19:52:37 --> mysqli_sql_exception: Duplicate entry 'espinozalara690@gmail.com' for key 'email' in /homepages/34/d971490128/htdocs/apps/upn212evaldoc/system/Database/MySQLi/Connection.php:295
Stack trace:
#0 /homepages/34/d971490128/htdocs/apps/upn212evaldoc/system/Database/MySQLi/Connection.php(295): mysqli->query()
#1 /homepages/34/d971490128/htdocs/apps/upn212evaldoc/system/Database/BaseConnection.php(691): CodeIgniter\Database\MySQLi\Connection->execute()
#2 /homepages/34/d971490128/htdocs/apps/upn212evaldoc/system/Database/BaseConnection.php(605): CodeIgniter\Database\BaseConnection->simpleQuery()
#3 /homepages/34/d971490128/htdocs/apps/upn212evaldoc/system/Database/BaseBuilder.php(2309): CodeIgniter\Database\BaseConnection->query()
#4 /homepages/34/d971490128/htdocs/apps/upn212evaldoc/system/Model.php(330): CodeIgniter\Database\BaseBuilder->insert()
#5 /homepages/34/d971490128/htdocs/apps/upn212evaldoc/system/BaseModel.php(782): CodeIgniter\Model->doInsert()
#6 /homepages/34/d971490128/htdocs/apps/upn212evaldoc/system/Model.php(730): CodeIgniter\BaseModel->insert()
#7 /homepages/34/d971490128/htdocs/apps/upn212evaldoc/system/BaseModel.php(692): CodeIgniter\Model->insert()
#8 /homepages/34/d971490128/htdocs/apps/upn212evaldoc/app/Controllers/Admin/UsuarioController.php(79): CodeIgniter\BaseModel->save()
#9 /homepages/34/d971490128/htdocs/apps/upn212evaldoc/system/CodeIgniter.php(934): App\Controllers\Admin\UsuarioController->create()
#10 /homepages/34/d971490128/htdocs/apps/upn212evaldoc/system/CodeIgniter.php(499): CodeIgniter\CodeIgniter->runController()
#11 /homepages/34/d971490128/htdocs/apps/upn212evaldoc/system/CodeIgniter.php(368): CodeIgniter\CodeIgniter->handleRequest()
#12 /homepages/34/d971490128/htdocs/apps/upn212evaldoc/public/index.php(67): CodeIgniter\CodeIgniter->run()
#13 {main}
CRITICAL - 2023-08-24 19:52:37 --> Duplicate entry 'espinozalara690@gmail.com' for key 'email'
in SYSTEMPATH/Database/MySQLi/Connection.php on line 295.
 1 SYSTEMPATH/Database/MySQLi/Connection.php(295): mysqli->query()
 2 SYSTEMPATH/Database/BaseConnection.php(691): CodeIgniter\Database\MySQLi\Connection->execute()
 3 SYSTEMPATH/Database/BaseConnection.php(605): CodeIgniter\Database\BaseConnection->simpleQuery()
 4 SYSTEMPATH/Database/BaseBuilder.php(2309): CodeIgniter\Database\BaseConnection->query()
 5 SYSTEMPATH/Model.php(330): CodeIgniter\Database\BaseBuilder->insert()
 6 SYSTEMPATH/BaseModel.php(782): CodeIgniter\Model->doInsert()
 7 SYSTEMPATH/Model.php(730): CodeIgniter\BaseModel->insert()
 8 SYSTEMPATH/BaseModel.php(692): CodeIgniter\Model->insert()
 9 APPPATH/Controllers/Admin/UsuarioController.php(79): CodeIgniter\BaseModel->save()
10 SYSTEMPATH/CodeIgniter.php(934): App\Controllers\Admin\UsuarioController->create()
11 SYSTEMPATH/CodeIgniter.php(499): CodeIgniter\CodeIgniter->runController()
12 SYSTEMPATH/CodeIgniter.php(368): CodeIgniter\CodeIgniter->handleRequest()
13 FCPATH/index.php(67): CodeIgniter\CodeIgniter->run()
ERROR - 2023-08-24 19:52:52 --> mysqli_sql_exception: Duplicate entry 'espinozalara690@gmail.com' for key 'email' in /homepages/34/d971490128/htdocs/apps/upn212evaldoc/system/Database/MySQLi/Connection.php:295
Stack trace:
#0 /homepages/34/d971490128/htdocs/apps/upn212evaldoc/system/Database/MySQLi/Connection.php(295): mysqli->query()
#1 /homepages/34/d971490128/htdocs/apps/upn212evaldoc/system/Database/BaseConnection.php(691): CodeIgniter\Database\MySQLi\Connection->execute()
#2 /homepages/34/d971490128/htdocs/apps/upn212evaldoc/system/Database/BaseConnection.php(605): CodeIgniter\Database\BaseConnection->simpleQuery()
#3 /homepages/34/d971490128/htdocs/apps/upn212evaldoc/system/Database/BaseBuilder.php(2309): CodeIgniter\Database\BaseConnection->query()
#4 /homepages/34/d971490128/htdocs/apps/upn212evaldoc/system/Model.php(330): CodeIgniter\Database\BaseBuilder->insert()
#5 /homepages/34/d971490128/htdocs/apps/upn212evaldoc/system/BaseModel.php(782): CodeIgniter\Model->doInsert()
#6 /homepages/34/d971490128/htdocs/apps/upn212evaldoc/system/Model.php(730): CodeIgniter\BaseModel->insert()
#7 /homepages/34/d971490128/htdocs/apps/upn212evaldoc/system/BaseModel.php(692): CodeIgniter\Model->insert()
#8 /homepages/34/d971490128/htdocs/apps/upn212evaldoc/app/Controllers/Admin/UsuarioController.php(79): CodeIgniter\BaseModel->save()
#9 /homepages/34/d971490128/htdocs/apps/upn212evaldoc/system/CodeIgniter.php(934): App\Controllers\Admin\UsuarioController->create()
#10 /homepages/34/d971490128/htdocs/apps/upn212evaldoc/system/CodeIgniter.php(499): CodeIgniter\CodeIgniter->runController()
#11 /homepages/34/d971490128/htdocs/apps/upn212evaldoc/system/CodeIgniter.php(368): CodeIgniter\CodeIgniter->handleRequest()
#12 /homepages/34/d971490128/htdocs/apps/upn212evaldoc/public/index.php(67): CodeIgniter\CodeIgniter->run()
#13 {main}
CRITICAL - 2023-08-24 19:52:52 --> Duplicate entry 'espinozalara690@gmail.com' for key 'email'
in SYSTEMPATH/Database/MySQLi/Connection.php on line 295.
 1 SYSTEMPATH/Database/MySQLi/Connection.php(295): mysqli->query()
 2 SYSTEMPATH/Database/BaseConnection.php(691): CodeIgniter\Database\MySQLi\Connection->execute()
 3 SYSTEMPATH/Database/BaseConnection.php(605): CodeIgniter\Database\BaseConnection->simpleQuery()
 4 SYSTEMPATH/Database/BaseBuilder.php(2309): CodeIgniter\Database\BaseConnection->query()
 5 SYSTEMPATH/Model.php(330): CodeIgniter\Database\BaseBuilder->insert()
 6 SYSTEMPATH/BaseModel.php(782): CodeIgniter\Model->doInsert()
 7 SYSTEMPATH/Model.php(730): CodeIgniter\BaseModel->insert()
 8 SYSTEMPATH/BaseModel.php(692): CodeIgniter\Model->insert()
 9 APPPATH/Controllers/Admin/UsuarioController.php(79): CodeIgniter\BaseModel->save()
10 SYSTEMPATH/CodeIgniter.php(934): App\Controllers\Admin\UsuarioController->create()
11 SYSTEMPATH/CodeIgniter.php(499): CodeIgniter\CodeIgniter->runController()
12 SYSTEMPATH/CodeIgniter.php(368): CodeIgniter\CodeIgniter->handleRequest()
13 FCPATH/index.php(67): CodeIgniter\CodeIgniter->run()
ERROR - 2023-08-24 19:53:03 --> mysqli_sql_exception: Duplicate entry 'espinozalara690@gmail.com' for key 'email' in /homepages/34/d971490128/htdocs/apps/upn212evaldoc/system/Database/MySQLi/Connection.php:295
Stack trace:
#0 /homepages/34/d971490128/htdocs/apps/upn212evaldoc/system/Database/MySQLi/Connection.php(295): mysqli->query()
#1 /homepages/34/d971490128/htdocs/apps/upn212evaldoc/system/Database/BaseConnection.php(691): CodeIgniter\Database\MySQLi\Connection->execute()
#2 /homepages/34/d971490128/htdocs/apps/upn212evaldoc/system/Database/BaseConnection.php(605): CodeIgniter\Database\BaseConnection->simpleQuery()
#3 /homepages/34/d971490128/htdocs/apps/upn212evaldoc/system/Database/BaseBuilder.php(2309): CodeIgniter\Database\BaseConnection->query()
#4 /homepages/34/d971490128/htdocs/apps/upn212evaldoc/system/Model.php(330): CodeIgniter\Database\BaseBuilder->insert()
#5 /homepages/34/d971490128/htdocs/apps/upn212evaldoc/system/BaseModel.php(782): CodeIgniter\Model->doInsert()
#6 /homepages/34/d971490128/htdocs/apps/upn212evaldoc/system/Model.php(730): CodeIgniter\BaseModel->insert()
#7 /homepages/34/d971490128/htdocs/apps/upn212evaldoc/system/BaseModel.php(692): CodeIgniter\Model->insert()
#8 /homepages/34/d971490128/htdocs/apps/upn212evaldoc/app/Controllers/Admin/UsuarioController.php(79): CodeIgniter\BaseModel->save()
#9 /homepages/34/d971490128/htdocs/apps/upn212evaldoc/system/CodeIgniter.php(934): App\Controllers\Admin\UsuarioController->create()
#10 /homepages/34/d971490128/htdocs/apps/upn212evaldoc/system/CodeIgniter.php(499): CodeIgniter\CodeIgniter->runController()
#11 /homepages/34/d971490128/htdocs/apps/upn212evaldoc/system/CodeIgniter.php(368): CodeIgniter\CodeIgniter->handleRequest()
#12 /homepages/34/d971490128/htdocs/apps/upn212evaldoc/public/index.php(67): CodeIgniter\CodeIgniter->run()
#13 {main}
CRITICAL - 2023-08-24 19:53:03 --> Duplicate entry 'espinozalara690@gmail.com' for key 'email'
in SYSTEMPATH/Database/MySQLi/Connection.php on line 295.
 1 SYSTEMPATH/Database/MySQLi/Connection.php(295): mysqli->query()
 2 SYSTEMPATH/Database/BaseConnection.php(691): CodeIgniter\Database\MySQLi\Connection->execute()
 3 SYSTEMPATH/Database/BaseConnection.php(605): CodeIgniter\Database\BaseConnection->simpleQuery()
 4 SYSTEMPATH/Database/BaseBuilder.php(2309): CodeIgniter\Database\BaseConnection->query()
 5 SYSTEMPATH/Model.php(330): CodeIgniter\Database\BaseBuilder->insert()
 6 SYSTEMPATH/BaseModel.php(782): CodeIgniter\Model->doInsert()
 7 SYSTEMPATH/Model.php(730): CodeIgniter\BaseModel->insert()
 8 SYSTEMPATH/BaseModel.php(692): CodeIgniter\Model->insert()
 9 APPPATH/Controllers/Admin/UsuarioController.php(79): CodeIgniter\BaseModel->save()
10 SYSTEMPATH/CodeIgniter.php(934): App\Controllers\Admin\UsuarioController->create()
11 SYSTEMPATH/CodeIgniter.php(499): CodeIgniter\CodeIgniter->runController()
12 SYSTEMPATH/CodeIgniter.php(368): CodeIgniter\CodeIgniter->handleRequest()
13 FCPATH/index.php(67): CodeIgniter\CodeIgniter->run()
ERROR - 2023-08-24 19:53:43 --> mysqli_sql_exception: Duplicate entry 'espinozalara690@gmail.com' for key 'email' in /homepages/34/d971490128/htdocs/apps/upn212evaldoc/system/Database/MySQLi/Connection.php:295
Stack trace:
#0 /homepages/34/d971490128/htdocs/apps/upn212evaldoc/system/Database/MySQLi/Connection.php(295): mysqli->query()
#1 /homepages/34/d971490128/htdocs/apps/upn212evaldoc/system/Database/BaseConnection.php(691): CodeIgniter\Database\MySQLi\Connection->execute()
#2 /homepages/34/d971490128/htdocs/apps/upn212evaldoc/system/Database/BaseConnection.php(605): CodeIgniter\Database\BaseConnection->simpleQuery()
#3 /homepages/34/d971490128/htdocs/apps/upn212evaldoc/system/Database/BaseBuilder.php(2309): CodeIgniter\Database\BaseConnection->query()
#4 /homepages/34/d971490128/htdocs/apps/upn212evaldoc/system/Model.php(330): CodeIgniter\Database\BaseBuilder->insert()
#5 /homepages/34/d971490128/htdocs/apps/upn212evaldoc/system/BaseModel.php(782): CodeIgniter\Model->doInsert()
#6 /homepages/34/d971490128/htdocs/apps/upn212evaldoc/system/Model.php(730): CodeIgniter\BaseModel->insert()
#7 /homepages/34/d971490128/htdocs/apps/upn212evaldoc/system/BaseModel.php(692): CodeIgniter\Model->insert()
#8 /homepages/34/d971490128/htdocs/apps/upn212evaldoc/app/Controllers/Admin/UsuarioController.php(79): CodeIgniter\BaseModel->save()
#9 /homepages/34/d971490128/htdocs/apps/upn212evaldoc/system/CodeIgniter.php(934): App\Controllers\Admin\UsuarioController->create()
#10 /homepages/34/d971490128/htdocs/apps/upn212evaldoc/system/CodeIgniter.php(499): CodeIgniter\CodeIgniter->runController()
#11 /homepages/34/d971490128/htdocs/apps/upn212evaldoc/system/CodeIgniter.php(368): CodeIgniter\CodeIgniter->handleRequest()
#12 /homepages/34/d971490128/htdocs/apps/upn212evaldoc/public/index.php(67): CodeIgniter\CodeIgniter->run()
#13 {main}
CRITICAL - 2023-08-24 19:53:43 --> Duplicate entry 'espinozalara690@gmail.com' for key 'email'
in SYSTEMPATH/Database/MySQLi/Connection.php on line 295.
 1 SYSTEMPATH/Database/MySQLi/Connection.php(295): mysqli->query()
 2 SYSTEMPATH/Database/BaseConnection.php(691): CodeIgniter\Database\MySQLi\Connection->execute()
 3 SYSTEMPATH/Database/BaseConnection.php(605): CodeIgniter\Database\BaseConnection->simpleQuery()
 4 SYSTEMPATH/Database/BaseBuilder.php(2309): CodeIgniter\Database\BaseConnection->query()
 5 SYSTEMPATH/Model.php(330): CodeIgniter\Database\BaseBuilder->insert()
 6 SYSTEMPATH/BaseModel.php(782): CodeIgniter\Model->doInsert()
 7 SYSTEMPATH/Model.php(730): CodeIgniter\BaseModel->insert()
 8 SYSTEMPATH/BaseModel.php(692): CodeIgniter\Model->insert()
 9 APPPATH/Controllers/Admin/UsuarioController.php(79): CodeIgniter\BaseModel->save()
10 SYSTEMPATH/CodeIgniter.php(934): App\Controllers\Admin\UsuarioController->create()
11 SYSTEMPATH/CodeIgniter.php(499): CodeIgniter\CodeIgniter->runController()
12 SYSTEMPATH/CodeIgniter.php(368): CodeIgniter\CodeIgniter->handleRequest()
13 FCPATH/index.php(67): CodeIgniter\CodeIgniter->run()
ERROR - 2023-08-24 19:54:10 --> mysqli_sql_exception: Duplicate entry 'espinozalara690@gmail.com' for key 'email' in /homepages/34/d971490128/htdocs/apps/upn212evaldoc/system/Database/MySQLi/Connection.php:295
Stack trace:
#0 /homepages/34/d971490128/htdocs/apps/upn212evaldoc/system/Database/MySQLi/Connection.php(295): mysqli->query()
#1 /homepages/34/d971490128/htdocs/apps/upn212evaldoc/system/Database/BaseConnection.php(691): CodeIgniter\Database\MySQLi\Connection->execute()
#2 /homepages/34/d971490128/htdocs/apps/upn212evaldoc/system/Database/BaseConnection.php(605): CodeIgniter\Database\BaseConnection->simpleQuery()
#3 /homepages/34/d971490128/htdocs/apps/upn212evaldoc/system/Database/BaseBuilder.php(2309): CodeIgniter\Database\BaseConnection->query()
#4 /homepages/34/d971490128/htdocs/apps/upn212evaldoc/system/Model.php(330): CodeIgniter\Database\BaseBuilder->insert()
#5 /homepages/34/d971490128/htdocs/apps/upn212evaldoc/system/BaseModel.php(782): CodeIgniter\Model->doInsert()
#6 /homepages/34/d971490128/htdocs/apps/upn212evaldoc/system/Model.php(730): CodeIgniter\BaseModel->insert()
#7 /homepages/34/d971490128/htdocs/apps/upn212evaldoc/system/BaseModel.php(692): CodeIgniter\Model->insert()
#8 /homepages/34/d971490128/htdocs/apps/upn212evaldoc/app/Controllers/Admin/UsuarioController.php(79): CodeIgniter\BaseModel->save()
#9 /homepages/34/d971490128/htdocs/apps/upn212evaldoc/system/CodeIgniter.php(934): App\Controllers\Admin\UsuarioController->create()
#10 /homepages/34/d971490128/htdocs/apps/upn212evaldoc/system/CodeIgniter.php(499): CodeIgniter\CodeIgniter->runController()
#11 /homepages/34/d971490128/htdocs/apps/upn212evaldoc/system/CodeIgniter.php(368): CodeIgniter\CodeIgniter->handleRequest()
#12 /homepages/34/d971490128/htdocs/apps/upn212evaldoc/public/index.php(67): CodeIgniter\CodeIgniter->run()
#13 {main}
CRITICAL - 2023-08-24 19:54:10 --> Duplicate entry 'espinozalara690@gmail.com' for key 'email'
in SYSTEMPATH/Database/MySQLi/Connection.php on line 295.
 1 SYSTEMPATH/Database/MySQLi/Connection.php(295): mysqli->query()
 2 SYSTEMPATH/Database/BaseConnection.php(691): CodeIgniter\Database\MySQLi\Connection->execute()
 3 SYSTEMPATH/Database/BaseConnection.php(605): CodeIgniter\Database\BaseConnection->simpleQuery()
 4 SYSTEMPATH/Database/BaseBuilder.php(2309): CodeIgniter\Database\BaseConnection->query()
 5 SYSTEMPATH/Model.php(330): CodeIgniter\Database\BaseBuilder->insert()
 6 SYSTEMPATH/BaseModel.php(782): CodeIgniter\Model->doInsert()
 7 SYSTEMPATH/Model.php(730): CodeIgniter\BaseModel->insert()
 8 SYSTEMPATH/BaseModel.php(692): CodeIgniter\Model->insert()
 9 APPPATH/Controllers/Admin/UsuarioController.php(79): CodeIgniter\BaseModel->save()
10 SYSTEMPATH/CodeIgniter.php(934): App\Controllers\Admin\UsuarioController->create()
11 SYSTEMPATH/CodeIgniter.php(499): CodeIgniter\CodeIgniter->runController()
12 SYSTEMPATH/CodeIgniter.php(368): CodeIgniter\CodeIgniter->handleRequest()
13 FCPATH/index.php(67): CodeIgniter\CodeIgniter->run()
ERROR - 2023-08-24 19:55:06 --> mysqli_sql_exception: Duplicate entry 'espinozalara690@gmail.com' for key 'email' in /homepages/34/d971490128/htdocs/apps/upn212evaldoc/system/Database/MySQLi/Connection.php:295
Stack trace:
#0 /homepages/34/d971490128/htdocs/apps/upn212evaldoc/system/Database/MySQLi/Connection.php(295): mysqli->query()
#1 /homepages/34/d971490128/htdocs/apps/upn212evaldoc/system/Database/BaseConnection.php(691): CodeIgniter\Database\MySQLi\Connection->execute()
#2 /homepages/34/d971490128/htdocs/apps/upn212evaldoc/system/Database/BaseConnection.php(605): CodeIgniter\Database\BaseConnection->simpleQuery()
#3 /homepages/34/d971490128/htdocs/apps/upn212evaldoc/system/Database/BaseBuilder.php(2309): CodeIgniter\Database\BaseConnection->query()
#4 /homepages/34/d971490128/htdocs/apps/upn212evaldoc/system/Model.php(330): CodeIgniter\Database\BaseBuilder->insert()
#5 /homepages/34/d971490128/htdocs/apps/upn212evaldoc/system/BaseModel.php(782): CodeIgniter\Model->doInsert()
#6 /homepages/34/d971490128/htdocs/apps/upn212evaldoc/system/Model.php(730): CodeIgniter\BaseModel->insert()
#7 /homepages/34/d971490128/htdocs/apps/upn212evaldoc/system/BaseModel.php(692): CodeIgniter\Model->insert()
#8 /homepages/34/d971490128/htdocs/apps/upn212evaldoc/app/Controllers/Admin/UsuarioController.php(79): CodeIgniter\BaseModel->save()
#9 /homepages/34/d971490128/htdocs/apps/upn212evaldoc/system/CodeIgniter.php(934): App\Controllers\Admin\UsuarioController->create()
#10 /homepages/34/d971490128/htdocs/apps/upn212evaldoc/system/CodeIgniter.php(499): CodeIgniter\CodeIgniter->runController()
#11 /homepages/34/d971490128/htdocs/apps/upn212evaldoc/system/CodeIgniter.php(368): CodeIgniter\CodeIgniter->handleRequest()
#12 /homepages/34/d971490128/htdocs/apps/upn212evaldoc/public/index.php(67): CodeIgniter\CodeIgniter->run()
#13 {main}
CRITICAL - 2023-08-24 19:55:06 --> Duplicate entry 'espinozalara690@gmail.com' for key 'email'
in SYSTEMPATH/Database/MySQLi/Connection.php on line 295.
 1 SYSTEMPATH/Database/MySQLi/Connection.php(295): mysqli->query()
 2 SYSTEMPATH/Database/BaseConnection.php(691): CodeIgniter\Database\MySQLi\Connection->execute()
 3 SYSTEMPATH/Database/BaseConnection.php(605): CodeIgniter\Database\BaseConnection->simpleQuery()
 4 SYSTEMPATH/Database/BaseBuilder.php(2309): CodeIgniter\Database\BaseConnection->query()
 5 SYSTEMPATH/Model.php(330): CodeIgniter\Database\BaseBuilder->insert()
 6 SYSTEMPATH/BaseModel.php(782): CodeIgniter\Model->doInsert()
 7 SYSTEMPATH/Model.php(730): CodeIgniter\BaseModel->insert()
 8 SYSTEMPATH/BaseModel.php(692): CodeIgniter\Model->insert()
 9 APPPATH/Controllers/Admin/UsuarioController.php(79): CodeIgniter\BaseModel->save()
10 SYSTEMPATH/CodeIgniter.php(934): App\Controllers\Admin\UsuarioController->create()
11 SYSTEMPATH/CodeIgniter.php(499): CodeIgniter\CodeIgniter->runController()
12 SYSTEMPATH/CodeIgniter.php(368): CodeIgniter\CodeIgniter->handleRequest()
13 FCPATH/index.php(67): CodeIgniter\CodeIgniter->run()
ERROR - 2023-08-24 19:56:55 --> mysqli_sql_exception: Duplicate entry 'espinozalara690@gmail.com' for key 'email' in /homepages/34/d971490128/htdocs/apps/upn212evaldoc/system/Database/MySQLi/Connection.php:295
Stack trace:
#0 /homepages/34/d971490128/htdocs/apps/upn212evaldoc/system/Database/MySQLi/Connection.php(295): mysqli->query()
#1 /homepages/34/d971490128/htdocs/apps/upn212evaldoc/system/Database/BaseConnection.php(691): CodeIgniter\Database\MySQLi\Connection->execute()
#2 /homepages/34/d971490128/htdocs/apps/upn212evaldoc/system/Database/BaseConnection.php(605): CodeIgniter\Database\BaseConnection->simpleQuery()
#3 /homepages/34/d971490128/htdocs/apps/upn212evaldoc/system/Database/BaseBuilder.php(2309): CodeIgniter\Database\BaseConnection->query()
#4 /homepages/34/d971490128/htdocs/apps/upn212evaldoc/system/Model.php(330): CodeIgniter\Database\BaseBuilder->insert()
#5 /homepages/34/d971490128/htdocs/apps/upn212evaldoc/system/BaseModel.php(782): CodeIgniter\Model->doInsert()
#6 /homepages/34/d971490128/htdocs/apps/upn212evaldoc/system/Model.php(730): CodeIgniter\BaseModel->insert()
#7 /homepages/34/d971490128/htdocs/apps/upn212evaldoc/system/BaseModel.php(692): CodeIgniter\Model->insert()
#8 /homepages/34/d971490128/htdocs/apps/upn212evaldoc/app/Controllers/Admin/UsuarioController.php(79): CodeIgniter\BaseModel->save()
#9 /homepages/34/d971490128/htdocs/apps/upn212evaldoc/system/CodeIgniter.php(934): App\Controllers\Admin\UsuarioController->create()
#10 /homepages/34/d971490128/htdocs/apps/upn212evaldoc/system/CodeIgniter.php(499): CodeIgniter\CodeIgniter->runController()
#11 /homepages/34/d971490128/htdocs/apps/upn212evaldoc/system/CodeIgniter.php(368): CodeIgniter\CodeIgniter->handleRequest()
#12 /homepages/34/d971490128/htdocs/apps/upn212evaldoc/public/index.php(67): CodeIgniter\CodeIgniter->run()
#13 {main}
CRITICAL - 2023-08-24 19:56:55 --> Duplicate entry 'espinozalara690@gmail.com' for key 'email'
in SYSTEMPATH/Database/MySQLi/Connection.php on line 295.
 1 SYSTEMPATH/Database/MySQLi/Connection.php(295): mysqli->query()
 2 SYSTEMPATH/Database/BaseConnection.php(691): CodeIgniter\Database\MySQLi\Connection->execute()
 3 SYSTEMPATH/Database/BaseConnection.php(605): CodeIgniter\Database\BaseConnection->simpleQuery()
 4 SYSTEMPATH/Database/BaseBuilder.php(2309): CodeIgniter\Database\BaseConnection->query()
 5 SYSTEMPATH/Model.php(330): CodeIgniter\Database\BaseBuilder->insert()
 6 SYSTEMPATH/BaseModel.php(782): CodeIgniter\Model->doInsert()
 7 SYSTEMPATH/Model.php(730): CodeIgniter\BaseModel->insert()
 8 SYSTEMPATH/BaseModel.php(692): CodeIgniter\Model->insert()
 9 APPPATH/Controllers/Admin/UsuarioController.php(79): CodeIgniter\BaseModel->save()
10 SYSTEMPATH/CodeIgniter.php(934): App\Controllers\Admin\UsuarioController->create()
11 SYSTEMPATH/CodeIgniter.php(499): CodeIgniter\CodeIgniter->runController()
12 SYSTEMPATH/CodeIgniter.php(368): CodeIgniter\CodeIgniter->handleRequest()
13 FCPATH/index.php(67): CodeIgniter\CodeIgniter->run()
ERROR - 2023-08-24 19:57:37 --> mysqli_sql_exception: Duplicate entry 'espinozalara690@gmail.com' for key 'email' in /homepages/34/d971490128/htdocs/apps/upn212evaldoc/system/Database/MySQLi/Connection.php:295
Stack trace:
#0 /homepages/34/d971490128/htdocs/apps/upn212evaldoc/system/Database/MySQLi/Connection.php(295): mysqli->query()
#1 /homepages/34/d971490128/htdocs/apps/upn212evaldoc/system/Database/BaseConnection.php(691): CodeIgniter\Database\MySQLi\Connection->execute()
#2 /homepages/34/d971490128/htdocs/apps/upn212evaldoc/system/Database/BaseConnection.php(605): CodeIgniter\Database\BaseConnection->simpleQuery()
#3 /homepages/34/d971490128/htdocs/apps/upn212evaldoc/system/Database/BaseBuilder.php(2309): CodeIgniter\Database\BaseConnection->query()
#4 /homepages/34/d971490128/htdocs/apps/upn212evaldoc/system/Model.php(330): CodeIgniter\Database\BaseBuilder->insert()
#5 /homepages/34/d971490128/htdocs/apps/upn212evaldoc/system/BaseModel.php(782): CodeIgniter\Model->doInsert()
#6 /homepages/34/d971490128/htdocs/apps/upn212evaldoc/system/Model.php(730): CodeIgniter\BaseModel->insert()
#7 /homepages/34/d971490128/htdocs/apps/upn212evaldoc/system/BaseModel.php(692): CodeIgniter\Model->insert()
#8 /homepages/34/d971490128/htdocs/apps/upn212evaldoc/app/Controllers/Admin/UsuarioController.php(79): CodeIgniter\BaseModel->save()
#9 /homepages/34/d971490128/htdocs/apps/upn212evaldoc/system/CodeIgniter.php(934): App\Controllers\Admin\UsuarioController->create()
#10 /homepages/34/d971490128/htdocs/apps/upn212evaldoc/system/CodeIgniter.php(499): CodeIgniter\CodeIgniter->runController()
#11 /homepages/34/d971490128/htdocs/apps/upn212evaldoc/system/CodeIgniter.php(368): CodeIgniter\CodeIgniter->handleRequest()
#12 /homepages/34/d971490128/htdocs/apps/upn212evaldoc/public/index.php(67): CodeIgniter\CodeIgniter->run()
#13 {main}
CRITICAL - 2023-08-24 19:57:37 --> Duplicate entry 'espinozalara690@gmail.com' for key 'email'
in SYSTEMPATH/Database/MySQLi/Connection.php on line 295.
 1 SYSTEMPATH/Database/MySQLi/Connection.php(295): mysqli->query()
 2 SYSTEMPATH/Database/BaseConnection.php(691): CodeIgniter\Database\MySQLi\Connection->execute()
 3 SYSTEMPATH/Database/BaseConnection.php(605): CodeIgniter\Database\BaseConnection->simpleQuery()
 4 SYSTEMPATH/Database/BaseBuilder.php(2309): CodeIgniter\Database\BaseConnection->query()
 5 SYSTEMPATH/Model.php(330): CodeIgniter\Database\BaseBuilder->insert()
 6 SYSTEMPATH/BaseModel.php(782): CodeIgniter\Model->doInsert()
 7 SYSTEMPATH/Model.php(730): CodeIgniter\BaseModel->insert()
 8 SYSTEMPATH/BaseModel.php(692): CodeIgniter\Model->insert()
 9 APPPATH/Controllers/Admin/UsuarioController.php(79): CodeIgniter\BaseModel->save()
10 SYSTEMPATH/CodeIgniter.php(934): App\Controllers\Admin\UsuarioController->create()
11 SYSTEMPATH/CodeIgniter.php(499): CodeIgniter\CodeIgniter->runController()
12 SYSTEMPATH/CodeIgniter.php(368): CodeIgniter\CodeIgniter->handleRequest()
13 FCPATH/index.php(67): CodeIgniter\CodeIgniter->run()
