ERROR - 2024-05-19 14:01:51 --> Email: sendWithMail throwed ErrorException: mail(): Failed to connect to mailserver at &quot;localhost&quot; port 25, verify your &quot;SMTP&quot; and &quot;smtp_port&quot; setting in php.ini or use ini_set() in E:\en desarrollo\upn212evaldoc\system\Email\Email.php:1735
Stack trace:
#0 [internal function]: CodeIgniter\Debug\Exceptions->errorHandler(2, 'mail(): Failed ...', 'E:\\en desarroll...', 1735)
#1 E:\en desarrollo\upn212evaldoc\system\Email\Email.php(1735): mail('edgar.degante.a...', '=?UTF-8?Q?Recup...', 'Haga clic en el...', 'Date: Sun, 19 M...', '-f ramdyosborn@...')
#2 E:\en desarrollo\upn212evaldoc\system\Email\Email.php(1667): CodeIgniter\Email\Email->sendWithMail()
#3 E:\en desarrollo\upn212evaldoc\system\Email\Email.php(1565): CodeIgniter\Email\Email->spoolEmail()
#4 E:\en desarrollo\upn212evaldoc\app\Controllers\ResetPassword.php(39): CodeIgniter\Email\Email->send()
#5 E:\en desarrollo\upn212evaldoc\system\CodeIgniter.php(934): App\Controllers\ResetPassword->sendResetLink()
#6 E:\en desarrollo\upn212evaldoc\system\CodeIgniter.php(499): CodeIgniter\CodeIgniter->runController(Object(App\Controllers\ResetPassword))
#7 E:\en desarrollo\upn212evaldoc\system\CodeIgniter.php(368): CodeIgniter\CodeIgniter->handleRequest(NULL, Object(Config\Cache), false)
#8 E:\en desarrollo\upn212evaldoc\public\index.php(67): CodeIgniter\CodeIgniter->run()
#9 E:\en desarrollo\upn212evaldoc\system\Commands\Server\rewrite.php(47): require_once('E:\\en desarroll...')
#10 {main}
ERROR - 2024-05-19 14:01:51 --> Email: Unable to send email using PHP mail(). Your server might not be configured to send mail using this method.
ERROR - 2024-05-19 14:01:51 --> 
INFO - 2024-05-19 14:01:51 --> Session: Class initialized using 'CodeIgniter\Session\Handlers\FileHandler' driver.
ERROR - 2024-05-19 14:02:12 --> Email: sendWithMail throwed ErrorException: mail(): Failed to connect to mailserver at &quot;localhost&quot; port 25, verify your &quot;SMTP&quot; and &quot;smtp_port&quot; setting in php.ini or use ini_set() in E:\en desarrollo\upn212evaldoc\system\Email\Email.php:1735
Stack trace:
#0 [internal function]: CodeIgniter\Debug\Exceptions->errorHandler(2, 'mail(): Failed ...', 'E:\\en desarroll...', 1735)
#1 E:\en desarrollo\upn212evaldoc\system\Email\Email.php(1735): mail('edgardegantea@o...', '=?UTF-8?Q?Recup...', 'Haga clic en el...', 'Date: Sun, 19 M...', '-f ramdyosborn@...')
#2 E:\en desarrollo\upn212evaldoc\system\Email\Email.php(1667): CodeIgniter\Email\Email->sendWithMail()
#3 E:\en desarrollo\upn212evaldoc\system\Email\Email.php(1565): CodeIgniter\Email\Email->spoolEmail()
#4 E:\en desarrollo\upn212evaldoc\app\Controllers\ResetPassword.php(39): CodeIgniter\Email\Email->send()
#5 E:\en desarrollo\upn212evaldoc\system\CodeIgniter.php(934): App\Controllers\ResetPassword->sendResetLink()
#6 E:\en desarrollo\upn212evaldoc\system\CodeIgniter.php(499): CodeIgniter\CodeIgniter->runController(Object(App\Controllers\ResetPassword))
#7 E:\en desarrollo\upn212evaldoc\system\CodeIgniter.php(368): CodeIgniter\CodeIgniter->handleRequest(NULL, Object(Config\Cache), false)
#8 E:\en desarrollo\upn212evaldoc\public\index.php(67): CodeIgniter\CodeIgniter->run()
#9 E:\en desarrollo\upn212evaldoc\system\Commands\Server\rewrite.php(47): require_once('E:\\en desarroll...')
#10 {main}
ERROR - 2024-05-19 14:02:12 --> Email: Unable to send email using PHP mail(). Your server might not be configured to send mail using this method.
ERROR - 2024-05-19 14:02:12 --> 
INFO - 2024-05-19 14:02:12 --> Session: Class initialized using 'CodeIgniter\Session\Handlers\FileHandler' driver.
INFO - 2024-05-19 14:03:55 --> Session: Class initialized using 'CodeIgniter\Session\Handlers\FileHandler' driver.
ERROR - 2024-05-19 14:15:11 --> Email: sendWithMail throwed ErrorException: mail(): Failed to connect to mailserver at &quot;localhost&quot; port 25, verify your &quot;SMTP&quot; and &quot;smtp_port&quot; setting in php.ini or use ini_set() in E:\en desarrollo\upn212evaldoc\system\Email\Email.php:1735
Stack trace:
#0 [internal function]: CodeIgniter\Debug\Exceptions->errorHandler(2, 'mail(): Failed ...', 'E:\\en desarroll...', 1735)
#1 E:\en desarrollo\upn212evaldoc\system\Email\Email.php(1735): mail('edgar.degante.a...', '=?UTF-8?Q?Recup...', 'Haga clic en el...', 'Date: Sun, 19 M...', '-f ramdyosborn@...')
#2 E:\en desarrollo\upn212evaldoc\system\Email\Email.php(1667): CodeIgniter\Email\Email->sendWithMail()
#3 E:\en desarrollo\upn212evaldoc\system\Email\Email.php(1565): CodeIgniter\Email\Email->spoolEmail()
#4 E:\en desarrollo\upn212evaldoc\app\Controllers\ResetPassword.php(39): CodeIgniter\Email\Email->send()
#5 E:\en desarrollo\upn212evaldoc\system\CodeIgniter.php(934): App\Controllers\ResetPassword->sendResetLink()
#6 E:\en desarrollo\upn212evaldoc\system\CodeIgniter.php(499): CodeIgniter\CodeIgniter->runController(Object(App\Controllers\ResetPassword))
#7 E:\en desarrollo\upn212evaldoc\system\CodeIgniter.php(368): CodeIgniter\CodeIgniter->handleRequest(NULL, Object(Config\Cache), false)
#8 E:\en desarrollo\upn212evaldoc\public\index.php(67): CodeIgniter\CodeIgniter->run()
#9 E:\en desarrollo\upn212evaldoc\system\Commands\Server\rewrite.php(47): require_once('E:\\en desarroll...')
#10 {main}
ERROR - 2024-05-19 14:15:11 --> Email: Unable to send email using PHP mail(). Your server might not be configured to send mail using this method.
ERROR - 2024-05-19 14:15:11 --> 
INFO - 2024-05-19 14:15:11 --> Session: Class initialized using 'CodeIgniter\Session\Handlers\FileHandler' driver.
INFO - 2024-05-19 14:15:22 --> Session: Class initialized using 'CodeIgniter\Session\Handlers\FileHandler' driver.
INFO - 2024-05-19 14:15:25 --> Session: Class initialized using 'CodeIgniter\Session\Handlers\FileHandler' driver.
INFO - 2024-05-19 14:15:45 --> Session: Class initialized using 'CodeIgniter\Session\Handlers\FileHandler' driver.
INFO - 2024-05-19 14:15:45 --> Session: Class initialized using 'CodeIgniter\Session\Handlers\FileHandler' driver.
ERROR - 2024-05-19 14:16:02 --> Email: sendWithMail throwed ErrorException: mail(): Failed to connect to mailserver at &quot;localhost&quot; port 25, verify your &quot;SMTP&quot; and &quot;smtp_port&quot; setting in php.ini or use ini_set() in E:\en desarrollo\upn212evaldoc\system\Email\Email.php:1735
Stack trace:
#0 [internal function]: CodeIgniter\Debug\Exceptions->errorHandler(2, 'mail(): Failed ...', 'E:\\en desarroll...', 1735)
#1 E:\en desarrollo\upn212evaldoc\system\Email\Email.php(1735): mail('edgar.degante.a...', '=?UTF-8?Q?Recup...', 'Haga clic en el...', 'Date: Sun, 19 M...', '-f ramdyosborn@...')
#2 E:\en desarrollo\upn212evaldoc\system\Email\Email.php(1667): CodeIgniter\Email\Email->sendWithMail()
#3 E:\en desarrollo\upn212evaldoc\system\Email\Email.php(1565): CodeIgniter\Email\Email->spoolEmail()
#4 E:\en desarrollo\upn212evaldoc\app\Controllers\ResetPassword.php(39): CodeIgniter\Email\Email->send()
#5 E:\en desarrollo\upn212evaldoc\system\CodeIgniter.php(934): App\Controllers\ResetPassword->sendResetLink()
#6 E:\en desarrollo\upn212evaldoc\system\CodeIgniter.php(499): CodeIgniter\CodeIgniter->runController(Object(App\Controllers\ResetPassword))
#7 E:\en desarrollo\upn212evaldoc\system\CodeIgniter.php(368): CodeIgniter\CodeIgniter->handleRequest(NULL, Object(Config\Cache), false)
#8 E:\en desarrollo\upn212evaldoc\public\index.php(67): CodeIgniter\CodeIgniter->run()
#9 E:\en desarrollo\upn212evaldoc\system\Commands\Server\rewrite.php(47): require_once('E:\\en desarroll...')
#10 {main}
ERROR - 2024-05-19 14:16:02 --> Email: Unable to send email using PHP mail(). Your server might not be configured to send mail using this method.
ERROR - 2024-05-19 14:16:02 --> 
INFO - 2024-05-19 14:16:02 --> Session: Class initialized using 'CodeIgniter\Session\Handlers\FileHandler' driver.
INFO - 2024-05-19 14:16:02 --> Session: Class initialized using 'CodeIgniter\Session\Handlers\FileHandler' driver.
