ERROR - 2024-01-04 12:14:15 --> mysqli_sql_exception: Duplicate entry 'astroastro680@gmail.com' for key 'email' in /homepages/34/d971490128/htdocs/apps/upn212evaldoc/system/Database/MySQLi/Connection.php:295
Stack trace:
#0 /homepages/34/d971490128/htdocs/apps/upn212evaldoc/system/Database/MySQLi/Connection.php(295): mysqli->query()
#1 /homepages/34/d971490128/htdocs/apps/upn212evaldoc/system/Database/BaseConnection.php(691): CodeIgniter\Database\MySQLi\Connection->execute()
#2 /homepages/34/d971490128/htdocs/apps/upn212evaldoc/system/Database/BaseConnection.php(605): CodeIgniter\Database\BaseConnection->simpleQuery()
#3 /homepages/34/d971490128/htdocs/apps/upn212evaldoc/system/Database/BaseBuilder.php(2476): CodeIgniter\Database\BaseConnection->query()
#4 /homepages/34/d971490128/htdocs/apps/upn212evaldoc/system/Model.php(396): CodeIgniter\Database\BaseBuilder->update()
#5 /homepages/34/d971490128/htdocs/apps/upn212evaldoc/system/BaseModel.php(943): CodeIgniter\Model->doUpdate()
#6 /homepages/34/d971490128/htdocs/apps/upn212evaldoc/system/Model.php(756): CodeIgniter\BaseModel->update()
#7 /homepages/34/d971490128/htdocs/apps/upn212evaldoc/app/Controllers/Admin/UsuarioController.php(166): CodeIgniter\Model->update()
#8 /homepages/34/d971490128/htdocs/apps/upn212evaldoc/system/CodeIgniter.php(934): App\Controllers\Admin\UsuarioController->update()
#9 /homepages/34/d971490128/htdocs/apps/upn212evaldoc/system/CodeIgniter.php(499): CodeIgniter\CodeIgniter->runController()
#10 /homepages/34/d971490128/htdocs/apps/upn212evaldoc/system/CodeIgniter.php(368): CodeIgniter\CodeIgniter->handleRequest()
#11 /homepages/34/d971490128/htdocs/apps/upn212evaldoc/public/index.php(67): CodeIgniter\CodeIgniter->run()
#12 {main}
CRITICAL - 2024-01-04 12:14:15 --> Duplicate entry 'astroastro680@gmail.com' for key 'email'
in SYSTEMPATH/Database/MySQLi/Connection.php on line 295.
 1 SYSTEMPATH/Database/MySQLi/Connection.php(295): mysqli->query()
 2 SYSTEMPATH/Database/BaseConnection.php(691): CodeIgniter\Database\MySQLi\Connection->execute()
 3 SYSTEMPATH/Database/BaseConnection.php(605): CodeIgniter\Database\BaseConnection->simpleQuery()
 4 SYSTEMPATH/Database/BaseBuilder.php(2476): CodeIgniter\Database\BaseConnection->query()
 5 SYSTEMPATH/Model.php(396): CodeIgniter\Database\BaseBuilder->update()
 6 SYSTEMPATH/BaseModel.php(943): CodeIgniter\Model->doUpdate()
 7 SYSTEMPATH/Model.php(756): CodeIgniter\BaseModel->update()
 8 APPPATH/Controllers/Admin/UsuarioController.php(166): CodeIgniter\Model->update()
 9 SYSTEMPATH/CodeIgniter.php(934): App\Controllers\Admin\UsuarioController->update()
10 SYSTEMPATH/CodeIgniter.php(499): CodeIgniter\CodeIgniter->runController()
11 SYSTEMPATH/CodeIgniter.php(368): CodeIgniter\CodeIgniter->handleRequest()
12 FCPATH/index.php(67): CodeIgniter\CodeIgniter->run()
ERROR - 2024-01-04 12:15:46 --> mysqli_sql_exception: Duplicate entry 'astroastro680@gmail.com' for key 'email' in /homepages/34/d971490128/htdocs/apps/upn212evaldoc/system/Database/MySQLi/Connection.php:295
Stack trace:
#0 /homepages/34/d971490128/htdocs/apps/upn212evaldoc/system/Database/MySQLi/Connection.php(295): mysqli->query()
#1 /homepages/34/d971490128/htdocs/apps/upn212evaldoc/system/Database/BaseConnection.php(691): CodeIgniter\Database\MySQLi\Connection->execute()
#2 /homepages/34/d971490128/htdocs/apps/upn212evaldoc/system/Database/BaseConnection.php(605): CodeIgniter\Database\BaseConnection->simpleQuery()
#3 /homepages/34/d971490128/htdocs/apps/upn212evaldoc/system/Database/BaseBuilder.php(2476): CodeIgniter\Database\BaseConnection->query()
#4 /homepages/34/d971490128/htdocs/apps/upn212evaldoc/system/Model.php(396): CodeIgniter\Database\BaseBuilder->update()
#5 /homepages/34/d971490128/htdocs/apps/upn212evaldoc/system/BaseModel.php(943): CodeIgniter\Model->doUpdate()
#6 /homepages/34/d971490128/htdocs/apps/upn212evaldoc/system/Model.php(756): CodeIgniter\BaseModel->update()
#7 /homepages/34/d971490128/htdocs/apps/upn212evaldoc/app/Controllers/Admin/UsuarioController.php(166): CodeIgniter\Model->update()
#8 /homepages/34/d971490128/htdocs/apps/upn212evaldoc/system/CodeIgniter.php(934): App\Controllers\Admin\UsuarioController->update()
#9 /homepages/34/d971490128/htdocs/apps/upn212evaldoc/system/CodeIgniter.php(499): CodeIgniter\CodeIgniter->runController()
#10 /homepages/34/d971490128/htdocs/apps/upn212evaldoc/system/CodeIgniter.php(368): CodeIgniter\CodeIgniter->handleRequest()
#11 /homepages/34/d971490128/htdocs/apps/upn212evaldoc/public/index.php(67): CodeIgniter\CodeIgniter->run()
#12 {main}
CRITICAL - 2024-01-04 12:15:46 --> Duplicate entry 'astroastro680@gmail.com' for key 'email'
in SYSTEMPATH/Database/MySQLi/Connection.php on line 295.
 1 SYSTEMPATH/Database/MySQLi/Connection.php(295): mysqli->query()
 2 SYSTEMPATH/Database/BaseConnection.php(691): CodeIgniter\Database\MySQLi\Connection->execute()
 3 SYSTEMPATH/Database/BaseConnection.php(605): CodeIgniter\Database\BaseConnection->simpleQuery()
 4 SYSTEMPATH/Database/BaseBuilder.php(2476): CodeIgniter\Database\BaseConnection->query()
 5 SYSTEMPATH/Model.php(396): CodeIgniter\Database\BaseBuilder->update()
 6 SYSTEMPATH/BaseModel.php(943): CodeIgniter\Model->doUpdate()
 7 SYSTEMPATH/Model.php(756): CodeIgniter\BaseModel->update()
 8 APPPATH/Controllers/Admin/UsuarioController.php(166): CodeIgniter\Model->update()
 9 SYSTEMPATH/CodeIgniter.php(934): App\Controllers\Admin\UsuarioController->update()
10 SYSTEMPATH/CodeIgniter.php(499): CodeIgniter\CodeIgniter->runController()
11 SYSTEMPATH/CodeIgniter.php(368): CodeIgniter\CodeIgniter->handleRequest()
12 FCPATH/index.php(67): CodeIgniter\CodeIgniter->run()
ERROR - 2024-01-04 12:17:55 --> mysqli_sql_exception: Duplicate entry 'fco.mb20@gmail.com' for key 'email' in /homepages/34/d971490128/htdocs/apps/upn212evaldoc/system/Database/MySQLi/Connection.php:295
Stack trace:
#0 /homepages/34/d971490128/htdocs/apps/upn212evaldoc/system/Database/MySQLi/Connection.php(295): mysqli->query()
#1 /homepages/34/d971490128/htdocs/apps/upn212evaldoc/system/Database/BaseConnection.php(691): CodeIgniter\Database\MySQLi\Connection->execute()
#2 /homepages/34/d971490128/htdocs/apps/upn212evaldoc/system/Database/BaseConnection.php(605): CodeIgniter\Database\BaseConnection->simpleQuery()
#3 /homepages/34/d971490128/htdocs/apps/upn212evaldoc/system/Database/BaseBuilder.php(2476): CodeIgniter\Database\BaseConnection->query()
#4 /homepages/34/d971490128/htdocs/apps/upn212evaldoc/system/Model.php(396): CodeIgniter\Database\BaseBuilder->update()
#5 /homepages/34/d971490128/htdocs/apps/upn212evaldoc/system/BaseModel.php(943): CodeIgniter\Model->doUpdate()
#6 /homepages/34/d971490128/htdocs/apps/upn212evaldoc/system/Model.php(756): CodeIgniter\BaseModel->update()
#7 /homepages/34/d971490128/htdocs/apps/upn212evaldoc/app/Controllers/Admin/UsuarioController.php(166): CodeIgniter\Model->update()
#8 /homepages/34/d971490128/htdocs/apps/upn212evaldoc/system/CodeIgniter.php(934): App\Controllers\Admin\UsuarioController->update()
#9 /homepages/34/d971490128/htdocs/apps/upn212evaldoc/system/CodeIgniter.php(499): CodeIgniter\CodeIgniter->runController()
#10 /homepages/34/d971490128/htdocs/apps/upn212evaldoc/system/CodeIgniter.php(368): CodeIgniter\CodeIgniter->handleRequest()
#11 /homepages/34/d971490128/htdocs/apps/upn212evaldoc/public/index.php(67): CodeIgniter\CodeIgniter->run()
#12 {main}
CRITICAL - 2024-01-04 12:17:55 --> Duplicate entry 'fco.mb20@gmail.com' for key 'email'
in SYSTEMPATH/Database/MySQLi/Connection.php on line 295.
 1 SYSTEMPATH/Database/MySQLi/Connection.php(295): mysqli->query()
 2 SYSTEMPATH/Database/BaseConnection.php(691): CodeIgniter\Database\MySQLi\Connection->execute()
 3 SYSTEMPATH/Database/BaseConnection.php(605): CodeIgniter\Database\BaseConnection->simpleQuery()
 4 SYSTEMPATH/Database/BaseBuilder.php(2476): CodeIgniter\Database\BaseConnection->query()
 5 SYSTEMPATH/Model.php(396): CodeIgniter\Database\BaseBuilder->update()
 6 SYSTEMPATH/BaseModel.php(943): CodeIgniter\Model->doUpdate()
 7 SYSTEMPATH/Model.php(756): CodeIgniter\BaseModel->update()
 8 APPPATH/Controllers/Admin/UsuarioController.php(166): CodeIgniter\Model->update()
 9 SYSTEMPATH/CodeIgniter.php(934): App\Controllers\Admin\UsuarioController->update()
10 SYSTEMPATH/CodeIgniter.php(499): CodeIgniter\CodeIgniter->runController()
11 SYSTEMPATH/CodeIgniter.php(368): CodeIgniter\CodeIgniter->handleRequest()
12 FCPATH/index.php(67): CodeIgniter\CodeIgniter->run()
ERROR - 2024-01-04 12:18:49 --> mysqli_sql_exception: Duplicate entry 'fco.mb20@gmail.com' for key 'email' in /homepages/34/d971490128/htdocs/apps/upn212evaldoc/system/Database/MySQLi/Connection.php:295
Stack trace:
#0 /homepages/34/d971490128/htdocs/apps/upn212evaldoc/system/Database/MySQLi/Connection.php(295): mysqli->query()
#1 /homepages/34/d971490128/htdocs/apps/upn212evaldoc/system/Database/BaseConnection.php(691): CodeIgniter\Database\MySQLi\Connection->execute()
#2 /homepages/34/d971490128/htdocs/apps/upn212evaldoc/system/Database/BaseConnection.php(605): CodeIgniter\Database\BaseConnection->simpleQuery()
#3 /homepages/34/d971490128/htdocs/apps/upn212evaldoc/system/Database/BaseBuilder.php(2476): CodeIgniter\Database\BaseConnection->query()
#4 /homepages/34/d971490128/htdocs/apps/upn212evaldoc/system/Model.php(396): CodeIgniter\Database\BaseBuilder->update()
#5 /homepages/34/d971490128/htdocs/apps/upn212evaldoc/system/BaseModel.php(943): CodeIgniter\Model->doUpdate()
#6 /homepages/34/d971490128/htdocs/apps/upn212evaldoc/system/Model.php(756): CodeIgniter\BaseModel->update()
#7 /homepages/34/d971490128/htdocs/apps/upn212evaldoc/app/Controllers/Admin/UsuarioController.php(166): CodeIgniter\Model->update()
#8 /homepages/34/d971490128/htdocs/apps/upn212evaldoc/system/CodeIgniter.php(934): App\Controllers\Admin\UsuarioController->update()
#9 /homepages/34/d971490128/htdocs/apps/upn212evaldoc/system/CodeIgniter.php(499): CodeIgniter\CodeIgniter->runController()
#10 /homepages/34/d971490128/htdocs/apps/upn212evaldoc/system/CodeIgniter.php(368): CodeIgniter\CodeIgniter->handleRequest()
#11 /homepages/34/d971490128/htdocs/apps/upn212evaldoc/public/index.php(67): CodeIgniter\CodeIgniter->run()
#12 {main}
CRITICAL - 2024-01-04 12:18:49 --> Duplicate entry 'fco.mb20@gmail.com' for key 'email'
in SYSTEMPATH/Database/MySQLi/Connection.php on line 295.
 1 SYSTEMPATH/Database/MySQLi/Connection.php(295): mysqli->query()
 2 SYSTEMPATH/Database/BaseConnection.php(691): CodeIgniter\Database\MySQLi\Connection->execute()
 3 SYSTEMPATH/Database/BaseConnection.php(605): CodeIgniter\Database\BaseConnection->simpleQuery()
 4 SYSTEMPATH/Database/BaseBuilder.php(2476): CodeIgniter\Database\BaseConnection->query()
 5 SYSTEMPATH/Model.php(396): CodeIgniter\Database\BaseBuilder->update()
 6 SYSTEMPATH/BaseModel.php(943): CodeIgniter\Model->doUpdate()
 7 SYSTEMPATH/Model.php(756): CodeIgniter\BaseModel->update()
 8 APPPATH/Controllers/Admin/UsuarioController.php(166): CodeIgniter\Model->update()
 9 SYSTEMPATH/CodeIgniter.php(934): App\Controllers\Admin\UsuarioController->update()
10 SYSTEMPATH/CodeIgniter.php(499): CodeIgniter\CodeIgniter->runController()
11 SYSTEMPATH/CodeIgniter.php(368): CodeIgniter\CodeIgniter->handleRequest()
12 FCPATH/index.php(67): CodeIgniter\CodeIgniter->run()
ERROR - 2024-01-04 12:18:58 --> mysqli_sql_exception: Duplicate entry 'fco.mb20@gmail.com' for key 'email' in /homepages/34/d971490128/htdocs/apps/upn212evaldoc/system/Database/MySQLi/Connection.php:295
Stack trace:
#0 /homepages/34/d971490128/htdocs/apps/upn212evaldoc/system/Database/MySQLi/Connection.php(295): mysqli->query()
#1 /homepages/34/d971490128/htdocs/apps/upn212evaldoc/system/Database/BaseConnection.php(691): CodeIgniter\Database\MySQLi\Connection->execute()
#2 /homepages/34/d971490128/htdocs/apps/upn212evaldoc/system/Database/BaseConnection.php(605): CodeIgniter\Database\BaseConnection->simpleQuery()
#3 /homepages/34/d971490128/htdocs/apps/upn212evaldoc/system/Database/BaseBuilder.php(2476): CodeIgniter\Database\BaseConnection->query()
#4 /homepages/34/d971490128/htdocs/apps/upn212evaldoc/system/Model.php(396): CodeIgniter\Database\BaseBuilder->update()
#5 /homepages/34/d971490128/htdocs/apps/upn212evaldoc/system/BaseModel.php(943): CodeIgniter\Model->doUpdate()
#6 /homepages/34/d971490128/htdocs/apps/upn212evaldoc/system/Model.php(756): CodeIgniter\BaseModel->update()
#7 /homepages/34/d971490128/htdocs/apps/upn212evaldoc/app/Controllers/Admin/UsuarioController.php(166): CodeIgniter\Model->update()
#8 /homepages/34/d971490128/htdocs/apps/upn212evaldoc/system/CodeIgniter.php(934): App\Controllers\Admin\UsuarioController->update()
#9 /homepages/34/d971490128/htdocs/apps/upn212evaldoc/system/CodeIgniter.php(499): CodeIgniter\CodeIgniter->runController()
#10 /homepages/34/d971490128/htdocs/apps/upn212evaldoc/system/CodeIgniter.php(368): CodeIgniter\CodeIgniter->handleRequest()
#11 /homepages/34/d971490128/htdocs/apps/upn212evaldoc/public/index.php(67): CodeIgniter\CodeIgniter->run()
#12 {main}
CRITICAL - 2024-01-04 12:18:58 --> Duplicate entry 'fco.mb20@gmail.com' for key 'email'
in SYSTEMPATH/Database/MySQLi/Connection.php on line 295.
 1 SYSTEMPATH/Database/MySQLi/Connection.php(295): mysqli->query()
 2 SYSTEMPATH/Database/BaseConnection.php(691): CodeIgniter\Database\MySQLi\Connection->execute()
 3 SYSTEMPATH/Database/BaseConnection.php(605): CodeIgniter\Database\BaseConnection->simpleQuery()
 4 SYSTEMPATH/Database/BaseBuilder.php(2476): CodeIgniter\Database\BaseConnection->query()
 5 SYSTEMPATH/Model.php(396): CodeIgniter\Database\BaseBuilder->update()
 6 SYSTEMPATH/BaseModel.php(943): CodeIgniter\Model->doUpdate()
 7 SYSTEMPATH/Model.php(756): CodeIgniter\BaseModel->update()
 8 APPPATH/Controllers/Admin/UsuarioController.php(166): CodeIgniter\Model->update()
 9 SYSTEMPATH/CodeIgniter.php(934): App\Controllers\Admin\UsuarioController->update()
10 SYSTEMPATH/CodeIgniter.php(499): CodeIgniter\CodeIgniter->runController()
11 SYSTEMPATH/CodeIgniter.php(368): CodeIgniter\CodeIgniter->handleRequest()
12 FCPATH/index.php(67): CodeIgniter\CodeIgniter->run()
ERROR - 2024-01-04 12:19:14 --> mysqli_sql_exception: Duplicate entry 'fco.mb200@gmail.com' for key 'email' in /homepages/34/d971490128/htdocs/apps/upn212evaldoc/system/Database/MySQLi/Connection.php:295
Stack trace:
#0 /homepages/34/d971490128/htdocs/apps/upn212evaldoc/system/Database/MySQLi/Connection.php(295): mysqli->query()
#1 /homepages/34/d971490128/htdocs/apps/upn212evaldoc/system/Database/BaseConnection.php(691): CodeIgniter\Database\MySQLi\Connection->execute()
#2 /homepages/34/d971490128/htdocs/apps/upn212evaldoc/system/Database/BaseConnection.php(605): CodeIgniter\Database\BaseConnection->simpleQuery()
#3 /homepages/34/d971490128/htdocs/apps/upn212evaldoc/system/Database/BaseBuilder.php(2476): CodeIgniter\Database\BaseConnection->query()
#4 /homepages/34/d971490128/htdocs/apps/upn212evaldoc/system/Model.php(396): CodeIgniter\Database\BaseBuilder->update()
#5 /homepages/34/d971490128/htdocs/apps/upn212evaldoc/system/BaseModel.php(943): CodeIgniter\Model->doUpdate()
#6 /homepages/34/d971490128/htdocs/apps/upn212evaldoc/system/Model.php(756): CodeIgniter\BaseModel->update()
#7 /homepages/34/d971490128/htdocs/apps/upn212evaldoc/app/Controllers/Admin/UsuarioController.php(166): CodeIgniter\Model->update()
#8 /homepages/34/d971490128/htdocs/apps/upn212evaldoc/system/CodeIgniter.php(934): App\Controllers\Admin\UsuarioController->update()
#9 /homepages/34/d971490128/htdocs/apps/upn212evaldoc/system/CodeIgniter.php(499): CodeIgniter\CodeIgniter->runController()
#10 /homepages/34/d971490128/htdocs/apps/upn212evaldoc/system/CodeIgniter.php(368): CodeIgniter\CodeIgniter->handleRequest()
#11 /homepages/34/d971490128/htdocs/apps/upn212evaldoc/public/index.php(67): CodeIgniter\CodeIgniter->run()
#12 {main}
CRITICAL - 2024-01-04 12:19:14 --> Duplicate entry 'fco.mb200@gmail.com' for key 'email'
in SYSTEMPATH/Database/MySQLi/Connection.php on line 295.
 1 SYSTEMPATH/Database/MySQLi/Connection.php(295): mysqli->query()
 2 SYSTEMPATH/Database/BaseConnection.php(691): CodeIgniter\Database\MySQLi\Connection->execute()
 3 SYSTEMPATH/Database/BaseConnection.php(605): CodeIgniter\Database\BaseConnection->simpleQuery()
 4 SYSTEMPATH/Database/BaseBuilder.php(2476): CodeIgniter\Database\BaseConnection->query()
 5 SYSTEMPATH/Model.php(396): CodeIgniter\Database\BaseBuilder->update()
 6 SYSTEMPATH/BaseModel.php(943): CodeIgniter\Model->doUpdate()
 7 SYSTEMPATH/Model.php(756): CodeIgniter\BaseModel->update()
 8 APPPATH/Controllers/Admin/UsuarioController.php(166): CodeIgniter\Model->update()
 9 SYSTEMPATH/CodeIgniter.php(934): App\Controllers\Admin\UsuarioController->update()
10 SYSTEMPATH/CodeIgniter.php(499): CodeIgniter\CodeIgniter->runController()
11 SYSTEMPATH/CodeIgniter.php(368): CodeIgniter\CodeIgniter->handleRequest()
12 FCPATH/index.php(67): CodeIgniter\CodeIgniter->run()
