ERROR - 2023-08-05 11:02:51 --> mysqli_sql_exception: Duplicate entry 'gamauno@live.com' for key 'email' in /homepages/34/d971490128/htdocs/apps/system/Database/MySQLi/Connection.php:295
Stack trace:
#0 /homepages/34/d971490128/htdocs/apps/system/Database/MySQLi/Connection.php(295): mysqli->query()
#1 /homepages/34/d971490128/htdocs/apps/system/Database/BaseConnection.php(691): CodeIgniter\Database\MySQLi\Connection->execute()
#2 /homepages/34/d971490128/htdocs/apps/system/Database/BaseConnection.php(605): CodeIgniter\Database\BaseConnection->simpleQuery()
#3 /homepages/34/d971490128/htdocs/apps/system/Database/BaseBuilder.php(1801): CodeIgniter\Database\BaseConnection->query()
#4 /homepages/34/d971490128/htdocs/apps/system/Database/BaseBuilder.php(2192): CodeIgniter\Database\BaseBuilder->batchExecute()
#5 /homepages/34/d971490128/htdocs/apps/system/Model.php(364): CodeIgniter\Database\BaseBuilder->insertBatch()
#6 /homepages/34/d971490128/htdocs/apps/system/BaseModel.php(874): CodeIgniter\Model->doInsertBatch()
#7 /homepages/34/d971490128/htdocs/apps/app/Controllers/Admin/UsuarioController.php(216): CodeIgniter\BaseModel->insertBatch()
#8 /homepages/34/d971490128/htdocs/apps/system/CodeIgniter.php(934): App\Controllers\Admin\UsuarioController->idue()
#9 /homepages/34/d971490128/htdocs/apps/system/CodeIgniter.php(499): CodeIgniter\CodeIgniter->runController()
#10 /homepages/34/d971490128/htdocs/apps/system/CodeIgniter.php(368): CodeIgniter\CodeIgniter->handleRequest()
#11 /homepages/34/d971490128/htdocs/apps/public/index.php(67): CodeIgniter\CodeIgniter->run()
#12 {main}
CRITICAL - 2023-08-05 11:02:51 --> Duplicate entry 'gamauno@live.com' for key 'email'
in SYSTEMPATH/Database/MySQLi/Connection.php on line 295.
 1 SYSTEMPATH/Database/MySQLi/Connection.php(295): mysqli->query()
 2 SYSTEMPATH/Database/BaseConnection.php(691): CodeIgniter\Database\MySQLi\Connection->execute()
 3 SYSTEMPATH/Database/BaseConnection.php(605): CodeIgniter\Database\BaseConnection->simpleQuery()
 4 SYSTEMPATH/Database/BaseBuilder.php(1801): CodeIgniter\Database\BaseConnection->query()
 5 SYSTEMPATH/Database/BaseBuilder.php(2192): CodeIgniter\Database\BaseBuilder->batchExecute()
 6 SYSTEMPATH/Model.php(364): CodeIgniter\Database\BaseBuilder->insertBatch()
 7 SYSTEMPATH/BaseModel.php(874): CodeIgniter\Model->doInsertBatch()
 8 APPPATH/Controllers/Admin/UsuarioController.php(216): CodeIgniter\BaseModel->insertBatch()
 9 SYSTEMPATH/CodeIgniter.php(934): App\Controllers\Admin\UsuarioController->idue()
10 SYSTEMPATH/CodeIgniter.php(499): CodeIgniter\CodeIgniter->runController()
11 SYSTEMPATH/CodeIgniter.php(368): CodeIgniter\CodeIgniter->handleRequest()
12 FCPATH/index.php(67): CodeIgniter\CodeIgniter->run()
ERROR - 2023-08-05 11:06:48 --> mysqli_sql_exception: Duplicate entry 'gamauno@live.com' for key 'email' in /homepages/34/d971490128/htdocs/apps/system/Database/MySQLi/Connection.php:295
Stack trace:
#0 /homepages/34/d971490128/htdocs/apps/system/Database/MySQLi/Connection.php(295): mysqli->query()
#1 /homepages/34/d971490128/htdocs/apps/system/Database/BaseConnection.php(691): CodeIgniter\Database\MySQLi\Connection->execute()
#2 /homepages/34/d971490128/htdocs/apps/system/Database/BaseConnection.php(605): CodeIgniter\Database\BaseConnection->simpleQuery()
#3 /homepages/34/d971490128/htdocs/apps/system/Database/BaseBuilder.php(1801): CodeIgniter\Database\BaseConnection->query()
#4 /homepages/34/d971490128/htdocs/apps/system/Database/BaseBuilder.php(2192): CodeIgniter\Database\BaseBuilder->batchExecute()
#5 /homepages/34/d971490128/htdocs/apps/system/Model.php(364): CodeIgniter\Database\BaseBuilder->insertBatch()
#6 /homepages/34/d971490128/htdocs/apps/system/BaseModel.php(874): CodeIgniter\Model->doInsertBatch()
#7 /homepages/34/d971490128/htdocs/apps/app/Controllers/Admin/UsuarioController.php(216): CodeIgniter\BaseModel->insertBatch()
#8 /homepages/34/d971490128/htdocs/apps/system/CodeIgniter.php(934): App\Controllers\Admin\UsuarioController->idue()
#9 /homepages/34/d971490128/htdocs/apps/system/CodeIgniter.php(499): CodeIgniter\CodeIgniter->runController()
#10 /homepages/34/d971490128/htdocs/apps/system/CodeIgniter.php(368): CodeIgniter\CodeIgniter->handleRequest()
#11 /homepages/34/d971490128/htdocs/apps/public/index.php(67): CodeIgniter\CodeIgniter->run()
#12 {main}
CRITICAL - 2023-08-05 11:06:48 --> Duplicate entry 'gamauno@live.com' for key 'email'
in SYSTEMPATH/Database/MySQLi/Connection.php on line 295.
 1 SYSTEMPATH/Database/MySQLi/Connection.php(295): mysqli->query()
 2 SYSTEMPATH/Database/BaseConnection.php(691): CodeIgniter\Database\MySQLi\Connection->execute()
 3 SYSTEMPATH/Database/BaseConnection.php(605): CodeIgniter\Database\BaseConnection->simpleQuery()
 4 SYSTEMPATH/Database/BaseBuilder.php(1801): CodeIgniter\Database\BaseConnection->query()
 5 SYSTEMPATH/Database/BaseBuilder.php(2192): CodeIgniter\Database\BaseBuilder->batchExecute()
 6 SYSTEMPATH/Model.php(364): CodeIgniter\Database\BaseBuilder->insertBatch()
 7 SYSTEMPATH/BaseModel.php(874): CodeIgniter\Model->doInsertBatch()
 8 APPPATH/Controllers/Admin/UsuarioController.php(216): CodeIgniter\BaseModel->insertBatch()
 9 SYSTEMPATH/CodeIgniter.php(934): App\Controllers\Admin\UsuarioController->idue()
10 SYSTEMPATH/CodeIgniter.php(499): CodeIgniter\CodeIgniter->runController()
11 SYSTEMPATH/CodeIgniter.php(368): CodeIgniter\CodeIgniter->handleRequest()
12 FCPATH/index.php(67): CodeIgniter\CodeIgniter->run()
ERROR - 2023-08-05 11:11:45 --> mysqli_sql_exception: Duplicate entry 'gamauno@live.com' for key 'email' in /homepages/34/d971490128/htdocs/apps/system/Database/MySQLi/Connection.php:295
Stack trace:
#0 /homepages/34/d971490128/htdocs/apps/system/Database/MySQLi/Connection.php(295): mysqli->query()
#1 /homepages/34/d971490128/htdocs/apps/system/Database/BaseConnection.php(691): CodeIgniter\Database\MySQLi\Connection->execute()
#2 /homepages/34/d971490128/htdocs/apps/system/Database/BaseConnection.php(605): CodeIgniter\Database\BaseConnection->simpleQuery()
#3 /homepages/34/d971490128/htdocs/apps/system/Database/BaseBuilder.php(1801): CodeIgniter\Database\BaseConnection->query()
#4 /homepages/34/d971490128/htdocs/apps/system/Database/BaseBuilder.php(2192): CodeIgniter\Database\BaseBuilder->batchExecute()
#5 /homepages/34/d971490128/htdocs/apps/system/Model.php(364): CodeIgniter\Database\BaseBuilder->insertBatch()
#6 /homepages/34/d971490128/htdocs/apps/system/BaseModel.php(874): CodeIgniter\Model->doInsertBatch()
#7 /homepages/34/d971490128/htdocs/apps/app/Controllers/Admin/UsuarioController.php(216): CodeIgniter\BaseModel->insertBatch()
#8 /homepages/34/d971490128/htdocs/apps/system/CodeIgniter.php(934): App\Controllers\Admin\UsuarioController->idue()
#9 /homepages/34/d971490128/htdocs/apps/system/CodeIgniter.php(499): CodeIgniter\CodeIgniter->runController()
#10 /homepages/34/d971490128/htdocs/apps/system/CodeIgniter.php(368): CodeIgniter\CodeIgniter->handleRequest()
#11 /homepages/34/d971490128/htdocs/apps/public/index.php(67): CodeIgniter\CodeIgniter->run()
#12 {main}
CRITICAL - 2023-08-05 11:11:45 --> Duplicate entry 'gamauno@live.com' for key 'email'
in SYSTEMPATH/Database/MySQLi/Connection.php on line 295.
 1 SYSTEMPATH/Database/MySQLi/Connection.php(295): mysqli->query()
 2 SYSTEMPATH/Database/BaseConnection.php(691): CodeIgniter\Database\MySQLi\Connection->execute()
 3 SYSTEMPATH/Database/BaseConnection.php(605): CodeIgniter\Database\BaseConnection->simpleQuery()
 4 SYSTEMPATH/Database/BaseBuilder.php(1801): CodeIgniter\Database\BaseConnection->query()
 5 SYSTEMPATH/Database/BaseBuilder.php(2192): CodeIgniter\Database\BaseBuilder->batchExecute()
 6 SYSTEMPATH/Model.php(364): CodeIgniter\Database\BaseBuilder->insertBatch()
 7 SYSTEMPATH/BaseModel.php(874): CodeIgniter\Model->doInsertBatch()
 8 APPPATH/Controllers/Admin/UsuarioController.php(216): CodeIgniter\BaseModel->insertBatch()
 9 SYSTEMPATH/CodeIgniter.php(934): App\Controllers\Admin\UsuarioController->idue()
10 SYSTEMPATH/CodeIgniter.php(499): CodeIgniter\CodeIgniter->runController()
11 SYSTEMPATH/CodeIgniter.php(368): CodeIgniter\CodeIgniter->handleRequest()
12 FCPATH/index.php(67): CodeIgniter\CodeIgniter->run()
ERROR - 2023-08-05 11:12:30 --> mysqli_sql_exception: Duplicate entry '' for key 'codigo' in /homepages/34/d971490128/htdocs/apps/system/Database/MySQLi/Connection.php:295
Stack trace:
#0 /homepages/34/d971490128/htdocs/apps/system/Database/MySQLi/Connection.php(295): mysqli->query()
#1 /homepages/34/d971490128/htdocs/apps/system/Database/BaseConnection.php(691): CodeIgniter\Database\MySQLi\Connection->execute()
#2 /homepages/34/d971490128/htdocs/apps/system/Database/BaseConnection.php(605): CodeIgniter\Database\BaseConnection->simpleQuery()
#3 /homepages/34/d971490128/htdocs/apps/system/Database/BaseBuilder.php(1801): CodeIgniter\Database\BaseConnection->query()
#4 /homepages/34/d971490128/htdocs/apps/system/Database/BaseBuilder.php(2192): CodeIgniter\Database\BaseBuilder->batchExecute()
#5 /homepages/34/d971490128/htdocs/apps/system/Model.php(364): CodeIgniter\Database\BaseBuilder->insertBatch()
#6 /homepages/34/d971490128/htdocs/apps/system/BaseModel.php(874): CodeIgniter\Model->doInsertBatch()
#7 /homepages/34/d971490128/htdocs/apps/app/Controllers/Admin/UsuarioController.php(216): CodeIgniter\BaseModel->insertBatch()
#8 /homepages/34/d971490128/htdocs/apps/system/CodeIgniter.php(934): App\Controllers\Admin\UsuarioController->idue()
#9 /homepages/34/d971490128/htdocs/apps/system/CodeIgniter.php(499): CodeIgniter\CodeIgniter->runController()
#10 /homepages/34/d971490128/htdocs/apps/system/CodeIgniter.php(368): CodeIgniter\CodeIgniter->handleRequest()
#11 /homepages/34/d971490128/htdocs/apps/public/index.php(67): CodeIgniter\CodeIgniter->run()
#12 {main}
CRITICAL - 2023-08-05 11:12:30 --> Duplicate entry '' for key 'codigo'
in SYSTEMPATH/Database/MySQLi/Connection.php on line 295.
 1 SYSTEMPATH/Database/MySQLi/Connection.php(295): mysqli->query()
 2 SYSTEMPATH/Database/BaseConnection.php(691): CodeIgniter\Database\MySQLi\Connection->execute()
 3 SYSTEMPATH/Database/BaseConnection.php(605): CodeIgniter\Database\BaseConnection->simpleQuery()
 4 SYSTEMPATH/Database/BaseBuilder.php(1801): CodeIgniter\Database\BaseConnection->query()
 5 SYSTEMPATH/Database/BaseBuilder.php(2192): CodeIgniter\Database\BaseBuilder->batchExecute()
 6 SYSTEMPATH/Model.php(364): CodeIgniter\Database\BaseBuilder->insertBatch()
 7 SYSTEMPATH/BaseModel.php(874): CodeIgniter\Model->doInsertBatch()
 8 APPPATH/Controllers/Admin/UsuarioController.php(216): CodeIgniter\BaseModel->insertBatch()
 9 SYSTEMPATH/CodeIgniter.php(934): App\Controllers\Admin\UsuarioController->idue()
10 SYSTEMPATH/CodeIgniter.php(499): CodeIgniter\CodeIgniter->runController()
11 SYSTEMPATH/CodeIgniter.php(368): CodeIgniter\CodeIgniter->handleRequest()
12 FCPATH/index.php(67): CodeIgniter\CodeIgniter->run()
ERROR - 2023-08-05 11:17:49 --> mysqli_sql_exception: Duplicate entry 'martinlopezgaona@gmail.com' for key 'email' in /homepages/34/d971490128/htdocs/apps/system/Database/MySQLi/Connection.php:295
Stack trace:
#0 /homepages/34/d971490128/htdocs/apps/system/Database/MySQLi/Connection.php(295): mysqli->query()
#1 /homepages/34/d971490128/htdocs/apps/system/Database/BaseConnection.php(691): CodeIgniter\Database\MySQLi\Connection->execute()
#2 /homepages/34/d971490128/htdocs/apps/system/Database/BaseConnection.php(605): CodeIgniter\Database\BaseConnection->simpleQuery()
#3 /homepages/34/d971490128/htdocs/apps/system/Database/BaseBuilder.php(1801): CodeIgniter\Database\BaseConnection->query()
#4 /homepages/34/d971490128/htdocs/apps/system/Database/BaseBuilder.php(2192): CodeIgniter\Database\BaseBuilder->batchExecute()
#5 /homepages/34/d971490128/htdocs/apps/system/Model.php(364): CodeIgniter\Database\BaseBuilder->insertBatch()
#6 /homepages/34/d971490128/htdocs/apps/system/BaseModel.php(874): CodeIgniter\Model->doInsertBatch()
#7 /homepages/34/d971490128/htdocs/apps/app/Controllers/Admin/UsuarioController.php(216): CodeIgniter\BaseModel->insertBatch()
#8 /homepages/34/d971490128/htdocs/apps/system/CodeIgniter.php(934): App\Controllers\Admin\UsuarioController->idue()
#9 /homepages/34/d971490128/htdocs/apps/system/CodeIgniter.php(499): CodeIgniter\CodeIgniter->runController()
#10 /homepages/34/d971490128/htdocs/apps/system/CodeIgniter.php(368): CodeIgniter\CodeIgniter->handleRequest()
#11 /homepages/34/d971490128/htdocs/apps/public/index.php(67): CodeIgniter\CodeIgniter->run()
#12 {main}
CRITICAL - 2023-08-05 11:17:49 --> Duplicate entry 'martinlopezgaona@gmail.com' for key 'email'
in SYSTEMPATH/Database/MySQLi/Connection.php on line 295.
 1 SYSTEMPATH/Database/MySQLi/Connection.php(295): mysqli->query()
 2 SYSTEMPATH/Database/BaseConnection.php(691): CodeIgniter\Database\MySQLi\Connection->execute()
 3 SYSTEMPATH/Database/BaseConnection.php(605): CodeIgniter\Database\BaseConnection->simpleQuery()
 4 SYSTEMPATH/Database/BaseBuilder.php(1801): CodeIgniter\Database\BaseConnection->query()
 5 SYSTEMPATH/Database/BaseBuilder.php(2192): CodeIgniter\Database\BaseBuilder->batchExecute()
 6 SYSTEMPATH/Model.php(364): CodeIgniter\Database\BaseBuilder->insertBatch()
 7 SYSTEMPATH/BaseModel.php(874): CodeIgniter\Model->doInsertBatch()
 8 APPPATH/Controllers/Admin/UsuarioController.php(216): CodeIgniter\BaseModel->insertBatch()
 9 SYSTEMPATH/CodeIgniter.php(934): App\Controllers\Admin\UsuarioController->idue()
10 SYSTEMPATH/CodeIgniter.php(499): CodeIgniter\CodeIgniter->runController()
11 SYSTEMPATH/CodeIgniter.php(368): CodeIgniter\CodeIgniter->handleRequest()
12 FCPATH/index.php(67): CodeIgniter\CodeIgniter->run()
ERROR - 2023-08-05 11:20:59 --> mysqli_sql_exception: Duplicate entry 'gamauno@live.com' for key 'email' in /homepages/34/d971490128/htdocs/apps/system/Database/MySQLi/Connection.php:295
Stack trace:
#0 /homepages/34/d971490128/htdocs/apps/system/Database/MySQLi/Connection.php(295): mysqli->query()
#1 /homepages/34/d971490128/htdocs/apps/system/Database/BaseConnection.php(691): CodeIgniter\Database\MySQLi\Connection->execute()
#2 /homepages/34/d971490128/htdocs/apps/system/Database/BaseConnection.php(605): CodeIgniter\Database\BaseConnection->simpleQuery()
#3 /homepages/34/d971490128/htdocs/apps/system/Database/BaseBuilder.php(1801): CodeIgniter\Database\BaseConnection->query()
#4 /homepages/34/d971490128/htdocs/apps/system/Database/BaseBuilder.php(2192): CodeIgniter\Database\BaseBuilder->batchExecute()
#5 /homepages/34/d971490128/htdocs/apps/system/Model.php(364): CodeIgniter\Database\BaseBuilder->insertBatch()
#6 /homepages/34/d971490128/htdocs/apps/system/BaseModel.php(874): CodeIgniter\Model->doInsertBatch()
#7 /homepages/34/d971490128/htdocs/apps/app/Controllers/Admin/UsuarioController.php(216): CodeIgniter\BaseModel->insertBatch()
#8 /homepages/34/d971490128/htdocs/apps/system/CodeIgniter.php(934): App\Controllers\Admin\UsuarioController->idue()
#9 /homepages/34/d971490128/htdocs/apps/system/CodeIgniter.php(499): CodeIgniter\CodeIgniter->runController()
#10 /homepages/34/d971490128/htdocs/apps/system/CodeIgniter.php(368): CodeIgniter\CodeIgniter->handleRequest()
#11 /homepages/34/d971490128/htdocs/apps/public/index.php(67): CodeIgniter\CodeIgniter->run()
#12 {main}
CRITICAL - 2023-08-05 11:20:59 --> Duplicate entry 'gamauno@live.com' for key 'email'
in SYSTEMPATH/Database/MySQLi/Connection.php on line 295.
 1 SYSTEMPATH/Database/MySQLi/Connection.php(295): mysqli->query()
 2 SYSTEMPATH/Database/BaseConnection.php(691): CodeIgniter\Database\MySQLi\Connection->execute()
 3 SYSTEMPATH/Database/BaseConnection.php(605): CodeIgniter\Database\BaseConnection->simpleQuery()
 4 SYSTEMPATH/Database/BaseBuilder.php(1801): CodeIgniter\Database\BaseConnection->query()
 5 SYSTEMPATH/Database/BaseBuilder.php(2192): CodeIgniter\Database\BaseBuilder->batchExecute()
 6 SYSTEMPATH/Model.php(364): CodeIgniter\Database\BaseBuilder->insertBatch()
 7 SYSTEMPATH/BaseModel.php(874): CodeIgniter\Model->doInsertBatch()
 8 APPPATH/Controllers/Admin/UsuarioController.php(216): CodeIgniter\BaseModel->insertBatch()
 9 SYSTEMPATH/CodeIgniter.php(934): App\Controllers\Admin\UsuarioController->idue()
10 SYSTEMPATH/CodeIgniter.php(499): CodeIgniter\CodeIgniter->runController()
11 SYSTEMPATH/CodeIgniter.php(368): CodeIgniter\CodeIgniter->handleRequest()
12 FCPATH/index.php(67): CodeIgniter\CodeIgniter->run()
ERROR - 2023-08-05 11:23:55 --> mysqli_sql_exception: Duplicate entry 'gamauno@live.com' for key 'email' in /homepages/34/d971490128/htdocs/apps/system/Database/MySQLi/Connection.php:295
Stack trace:
#0 /homepages/34/d971490128/htdocs/apps/system/Database/MySQLi/Connection.php(295): mysqli->query()
#1 /homepages/34/d971490128/htdocs/apps/system/Database/BaseConnection.php(691): CodeIgniter\Database\MySQLi\Connection->execute()
#2 /homepages/34/d971490128/htdocs/apps/system/Database/BaseConnection.php(605): CodeIgniter\Database\BaseConnection->simpleQuery()
#3 /homepages/34/d971490128/htdocs/apps/system/Database/BaseBuilder.php(1801): CodeIgniter\Database\BaseConnection->query()
#4 /homepages/34/d971490128/htdocs/apps/system/Database/BaseBuilder.php(2192): CodeIgniter\Database\BaseBuilder->batchExecute()
#5 /homepages/34/d971490128/htdocs/apps/system/Model.php(364): CodeIgniter\Database\BaseBuilder->insertBatch()
#6 /homepages/34/d971490128/htdocs/apps/system/BaseModel.php(874): CodeIgniter\Model->doInsertBatch()
#7 /homepages/34/d971490128/htdocs/apps/app/Controllers/Admin/UsuarioController.php(216): CodeIgniter\BaseModel->insertBatch()
#8 /homepages/34/d971490128/htdocs/apps/system/CodeIgniter.php(934): App\Controllers\Admin\UsuarioController->idue()
#9 /homepages/34/d971490128/htdocs/apps/system/CodeIgniter.php(499): CodeIgniter\CodeIgniter->runController()
#10 /homepages/34/d971490128/htdocs/apps/system/CodeIgniter.php(368): CodeIgniter\CodeIgniter->handleRequest()
#11 /homepages/34/d971490128/htdocs/apps/public/index.php(67): CodeIgniter\CodeIgniter->run()
#12 {main}
CRITICAL - 2023-08-05 11:23:55 --> Duplicate entry 'gamauno@live.com' for key 'email'
in SYSTEMPATH/Database/MySQLi/Connection.php on line 295.
 1 SYSTEMPATH/Database/MySQLi/Connection.php(295): mysqli->query()
 2 SYSTEMPATH/Database/BaseConnection.php(691): CodeIgniter\Database\MySQLi\Connection->execute()
 3 SYSTEMPATH/Database/BaseConnection.php(605): CodeIgniter\Database\BaseConnection->simpleQuery()
 4 SYSTEMPATH/Database/BaseBuilder.php(1801): CodeIgniter\Database\BaseConnection->query()
 5 SYSTEMPATH/Database/BaseBuilder.php(2192): CodeIgniter\Database\BaseBuilder->batchExecute()
 6 SYSTEMPATH/Model.php(364): CodeIgniter\Database\BaseBuilder->insertBatch()
 7 SYSTEMPATH/BaseModel.php(874): CodeIgniter\Model->doInsertBatch()
 8 APPPATH/Controllers/Admin/UsuarioController.php(216): CodeIgniter\BaseModel->insertBatch()
 9 SYSTEMPATH/CodeIgniter.php(934): App\Controllers\Admin\UsuarioController->idue()
10 SYSTEMPATH/CodeIgniter.php(499): CodeIgniter\CodeIgniter->runController()
11 SYSTEMPATH/CodeIgniter.php(368): CodeIgniter\CodeIgniter->handleRequest()
12 FCPATH/index.php(67): CodeIgniter\CodeIgniter->run()
ERROR - 2023-08-05 11:25:20 --> mysqli_sql_exception: Duplicate entry 'gamauno@live.com' for key 'email' in /homepages/34/d971490128/htdocs/apps/system/Database/MySQLi/Connection.php:295
Stack trace:
#0 /homepages/34/d971490128/htdocs/apps/system/Database/MySQLi/Connection.php(295): mysqli->query()
#1 /homepages/34/d971490128/htdocs/apps/system/Database/BaseConnection.php(691): CodeIgniter\Database\MySQLi\Connection->execute()
#2 /homepages/34/d971490128/htdocs/apps/system/Database/BaseConnection.php(605): CodeIgniter\Database\BaseConnection->simpleQuery()
#3 /homepages/34/d971490128/htdocs/apps/system/Database/BaseBuilder.php(1801): CodeIgniter\Database\BaseConnection->query()
#4 /homepages/34/d971490128/htdocs/apps/system/Database/BaseBuilder.php(2192): CodeIgniter\Database\BaseBuilder->batchExecute()
#5 /homepages/34/d971490128/htdocs/apps/system/Model.php(364): CodeIgniter\Database\BaseBuilder->insertBatch()
#6 /homepages/34/d971490128/htdocs/apps/system/BaseModel.php(874): CodeIgniter\Model->doInsertBatch()
#7 /homepages/34/d971490128/htdocs/apps/app/Controllers/Admin/UsuarioController.php(216): CodeIgniter\BaseModel->insertBatch()
#8 /homepages/34/d971490128/htdocs/apps/system/CodeIgniter.php(934): App\Controllers\Admin\UsuarioController->idue()
#9 /homepages/34/d971490128/htdocs/apps/system/CodeIgniter.php(499): CodeIgniter\CodeIgniter->runController()
#10 /homepages/34/d971490128/htdocs/apps/system/CodeIgniter.php(368): CodeIgniter\CodeIgniter->handleRequest()
#11 /homepages/34/d971490128/htdocs/apps/public/index.php(67): CodeIgniter\CodeIgniter->run()
#12 {main}
CRITICAL - 2023-08-05 11:25:20 --> Duplicate entry 'gamauno@live.com' for key 'email'
in SYSTEMPATH/Database/MySQLi/Connection.php on line 295.
 1 SYSTEMPATH/Database/MySQLi/Connection.php(295): mysqli->query()
 2 SYSTEMPATH/Database/BaseConnection.php(691): CodeIgniter\Database\MySQLi\Connection->execute()
 3 SYSTEMPATH/Database/BaseConnection.php(605): CodeIgniter\Database\BaseConnection->simpleQuery()
 4 SYSTEMPATH/Database/BaseBuilder.php(1801): CodeIgniter\Database\BaseConnection->query()
 5 SYSTEMPATH/Database/BaseBuilder.php(2192): CodeIgniter\Database\BaseBuilder->batchExecute()
 6 SYSTEMPATH/Model.php(364): CodeIgniter\Database\BaseBuilder->insertBatch()
 7 SYSTEMPATH/BaseModel.php(874): CodeIgniter\Model->doInsertBatch()
 8 APPPATH/Controllers/Admin/UsuarioController.php(216): CodeIgniter\BaseModel->insertBatch()
 9 SYSTEMPATH/CodeIgniter.php(934): App\Controllers\Admin\UsuarioController->idue()
10 SYSTEMPATH/CodeIgniter.php(499): CodeIgniter\CodeIgniter->runController()
11 SYSTEMPATH/CodeIgniter.php(368): CodeIgniter\CodeIgniter->handleRequest()
12 FCPATH/index.php(67): CodeIgniter\CodeIgniter->run()
ERROR - 2023-08-05 11:30:44 --> mysqli_sql_exception: Duplicate entry 'gamauno@live.com' for key 'email' in /homepages/34/d971490128/htdocs/apps/system/Database/MySQLi/Connection.php:295
Stack trace:
#0 /homepages/34/d971490128/htdocs/apps/system/Database/MySQLi/Connection.php(295): mysqli->query()
#1 /homepages/34/d971490128/htdocs/apps/system/Database/BaseConnection.php(691): CodeIgniter\Database\MySQLi\Connection->execute()
#2 /homepages/34/d971490128/htdocs/apps/system/Database/BaseConnection.php(605): CodeIgniter\Database\BaseConnection->simpleQuery()
#3 /homepages/34/d971490128/htdocs/apps/system/Database/BaseBuilder.php(1801): CodeIgniter\Database\BaseConnection->query()
#4 /homepages/34/d971490128/htdocs/apps/system/Database/BaseBuilder.php(2192): CodeIgniter\Database\BaseBuilder->batchExecute()
#5 /homepages/34/d971490128/htdocs/apps/system/Model.php(364): CodeIgniter\Database\BaseBuilder->insertBatch()
#6 /homepages/34/d971490128/htdocs/apps/system/BaseModel.php(874): CodeIgniter\Model->doInsertBatch()
#7 /homepages/34/d971490128/htdocs/apps/app/Controllers/Admin/UsuarioController.php(216): CodeIgniter\BaseModel->insertBatch()
#8 /homepages/34/d971490128/htdocs/apps/system/CodeIgniter.php(934): App\Controllers\Admin\UsuarioController->idue()
#9 /homepages/34/d971490128/htdocs/apps/system/CodeIgniter.php(499): CodeIgniter\CodeIgniter->runController()
#10 /homepages/34/d971490128/htdocs/apps/system/CodeIgniter.php(368): CodeIgniter\CodeIgniter->handleRequest()
#11 /homepages/34/d971490128/htdocs/apps/public/index.php(67): CodeIgniter\CodeIgniter->run()
#12 {main}
CRITICAL - 2023-08-05 11:30:44 --> Duplicate entry 'gamauno@live.com' for key 'email'
in SYSTEMPATH/Database/MySQLi/Connection.php on line 295.
 1 SYSTEMPATH/Database/MySQLi/Connection.php(295): mysqli->query()
 2 SYSTEMPATH/Database/BaseConnection.php(691): CodeIgniter\Database\MySQLi\Connection->execute()
 3 SYSTEMPATH/Database/BaseConnection.php(605): CodeIgniter\Database\BaseConnection->simpleQuery()
 4 SYSTEMPATH/Database/BaseBuilder.php(1801): CodeIgniter\Database\BaseConnection->query()
 5 SYSTEMPATH/Database/BaseBuilder.php(2192): CodeIgniter\Database\BaseBuilder->batchExecute()
 6 SYSTEMPATH/Model.php(364): CodeIgniter\Database\BaseBuilder->insertBatch()
 7 SYSTEMPATH/BaseModel.php(874): CodeIgniter\Model->doInsertBatch()
 8 APPPATH/Controllers/Admin/UsuarioController.php(216): CodeIgniter\BaseModel->insertBatch()
 9 SYSTEMPATH/CodeIgniter.php(934): App\Controllers\Admin\UsuarioController->idue()
10 SYSTEMPATH/CodeIgniter.php(499): CodeIgniter\CodeIgniter->runController()
11 SYSTEMPATH/CodeIgniter.php(368): CodeIgniter\CodeIgniter->handleRequest()
12 FCPATH/index.php(67): CodeIgniter\CodeIgniter->run()
ERROR - 2023-08-05 11:30:59 --> mysqli_sql_exception: Duplicate entry 'clemente-ahdz@outlook.com' for key 'email' in /homepages/34/d971490128/htdocs/apps/system/Database/MySQLi/Connection.php:295
Stack trace:
#0 /homepages/34/d971490128/htdocs/apps/system/Database/MySQLi/Connection.php(295): mysqli->query()
#1 /homepages/34/d971490128/htdocs/apps/system/Database/BaseConnection.php(691): CodeIgniter\Database\MySQLi\Connection->execute()
#2 /homepages/34/d971490128/htdocs/apps/system/Database/BaseConnection.php(605): CodeIgniter\Database\BaseConnection->simpleQuery()
#3 /homepages/34/d971490128/htdocs/apps/system/Database/BaseBuilder.php(1801): CodeIgniter\Database\BaseConnection->query()
#4 /homepages/34/d971490128/htdocs/apps/system/Database/BaseBuilder.php(2192): CodeIgniter\Database\BaseBuilder->batchExecute()
#5 /homepages/34/d971490128/htdocs/apps/system/Model.php(364): CodeIgniter\Database\BaseBuilder->insertBatch()
#6 /homepages/34/d971490128/htdocs/apps/system/BaseModel.php(874): CodeIgniter\Model->doInsertBatch()
#7 /homepages/34/d971490128/htdocs/apps/app/Controllers/Admin/UsuarioController.php(216): CodeIgniter\BaseModel->insertBatch()
#8 /homepages/34/d971490128/htdocs/apps/system/CodeIgniter.php(934): App\Controllers\Admin\UsuarioController->idue()
#9 /homepages/34/d971490128/htdocs/apps/system/CodeIgniter.php(499): CodeIgniter\CodeIgniter->runController()
#10 /homepages/34/d971490128/htdocs/apps/system/CodeIgniter.php(368): CodeIgniter\CodeIgniter->handleRequest()
#11 /homepages/34/d971490128/htdocs/apps/public/index.php(67): CodeIgniter\CodeIgniter->run()
#12 {main}
CRITICAL - 2023-08-05 11:30:59 --> Duplicate entry 'clemente-ahdz@outlook.com' for key 'email'
in SYSTEMPATH/Database/MySQLi/Connection.php on line 295.
 1 SYSTEMPATH/Database/MySQLi/Connection.php(295): mysqli->query()
 2 SYSTEMPATH/Database/BaseConnection.php(691): CodeIgniter\Database\MySQLi\Connection->execute()
 3 SYSTEMPATH/Database/BaseConnection.php(605): CodeIgniter\Database\BaseConnection->simpleQuery()
 4 SYSTEMPATH/Database/BaseBuilder.php(1801): CodeIgniter\Database\BaseConnection->query()
 5 SYSTEMPATH/Database/BaseBuilder.php(2192): CodeIgniter\Database\BaseBuilder->batchExecute()
 6 SYSTEMPATH/Model.php(364): CodeIgniter\Database\BaseBuilder->insertBatch()
 7 SYSTEMPATH/BaseModel.php(874): CodeIgniter\Model->doInsertBatch()
 8 APPPATH/Controllers/Admin/UsuarioController.php(216): CodeIgniter\BaseModel->insertBatch()
 9 SYSTEMPATH/CodeIgniter.php(934): App\Controllers\Admin\UsuarioController->idue()
10 SYSTEMPATH/CodeIgniter.php(499): CodeIgniter\CodeIgniter->runController()
11 SYSTEMPATH/CodeIgniter.php(368): CodeIgniter\CodeIgniter->handleRequest()
12 FCPATH/index.php(67): CodeIgniter\CodeIgniter->run()
